Initing... D:\Steam\steamapps\common\BATTLETECH\Mods\CustomUnits version: 0.0.0.92
ToHit.GetAllModifiers transpliter
ToHit.GetAllModifiers transpliter
ToHit.GetAllModifiers transpliter
can't find WeightedFactorHelper.CollectMasksForCellAndPathNode call
can't find WeightedFactorHelper.CollectMasksForCellAndPathNode call
can't find WeightedFactorHelper.CollectMasksForCellAndPathNode call
can't find WeightedFactorHelper.CollectMasksForCellAndPathNode call
can't find WeightedFactorHelper.CollectMasksForCellAndPathNode call
can't find WeightedFactorHelper.CollectMasksForCellAndPathNode call
can't find WeightedFactorHelper.CollectMasksForCellAndPathNode call
can't find WeightedFactorHelper.CollectMasksForCellAndPathNode call
can't find WeightedFactorHelper.CollectMasksForCellAndPathNode call
can't find WeightedFactorHelper.CollectMasksForCellAndPathNode call
can't find WeightedFactorHelper.CollectMasksForCellAndPathNode call
can't find WeightedFactorHelper.CollectMasksForCellAndPathNode call
can't find WeightedFactorHelper.CollectMasksForCellAndPathNode call
can't find WeightedFactorHelper.CollectMasksForCellAndPathNode call
can't find WeightedFactorHelper.CollectMasksForCellAndPathNode call
can't find WeightedFactorHelper.CollectMasksForCellAndPathNode call
can't find WeightedFactorHelper.CollectMasksForCellAndPathNode call
can't find WeightedFactorHelper.CollectMasksForCellAndPathNode call
can't find WeightedFactorHelper.CollectMasksForCellAndPathNode call
can't find WeightedFactorHelper.CollectMasksForCellAndPathNode call
can't find WeightedFactorHelper.CollectMasksForCellAndPathNode call
ToHit.GetAllModifiers transpliter
ToHit.GetAllModifiers transpliter
ToHit.GetAllModifiers transpliter
ToHit.GetAllModifiers transpliter
can't find WeightedFactorHelper.CollectMasksForCellAndPathNode call
can't find WeightedFactorHelper.CollectMasksForCellAndPathNode call
[13:13:26.231]FinishedLoading
[13:13:26.438]Can't find drop lance definition default_default_lance2
[13:43:46.521]AAR_UnitsResult_Screen.InitializeData
[13:43:47.538]AAR_UnitsResult_Screen.InitializeWidgets
[13:45:19.794]MechBay.TransitionMech: all prefabs loaded. Instancing
 removing:uixPrfPanl_storageMechUnit-Element(Clone)
 removing:uixPrfPanl_storageMechUnit-Element(Clone)
 removing:uixPrfPanl_storageMechUnit-Element(Clone)
 removing:uixPrfPanl_storageMechUnit-Element(Clone)
 removing:uixPrfPanl_storageMechUnit-Element(Clone)
 removing:uixPrfPanl_storageMechUnit-Element(Clone)
 removing:uixPrfPanl_storageMechUnit-Element(Clone)
 removing:uixPrfPanl_storageMechUnit-Element(Clone)
 removing:uixPrfPanl_storageMechUnit-Element(Clone)
 removing:uixPrfPanl_storageMechUnit-Element(Clone)
 removing:uixPrfPanl_storageMechUnit-Element(Clone)
 removing:uixPrfPanl_storageMechUnit-Element(Clone)
 removing:uixPrfPanl_storageMechUnit-Element(Clone)
 removing:uixPrfPanl_storageMechUnit-Element(Clone)
 removing:uixPrfPanl_storageMechUnit-Element(Clone)
 removing:uixPrfPanl_storageMechUnit-Element(Clone)
 removing:uixPrfPanl_storageMechUnit-Element(Clone)
 removing:uixPrfPanl_storageMechUnit-Element(Clone)
 removing:uixPrfPanl_storageMechUnit-Element(Clone)
 removing:uixPrfPanl_storageMechUnit-Element(Clone)
 removing:uixPrfPanl_storageMechUnit-Element(Clone)
 removing:uixPrfPanl_storageMechUnit-Element(Clone)
 removing:uixPrfPanl_storageMechUnit-Element(Clone)
 removing:uixPrfPanl_storageMechUnit-Element(Clone)
 removing:uixPrfPanl_storageMechUnit-Element(Clone)
 removing:uixPrfPanl_storageMechUnit-Element(Clone)
 removing:uixPrfPanl_storageMechUnit-Element(Clone)
 removing:uixPrfPanl_storageMechUnit-Element(Clone)
 removing:uixPrfPanl_storageMechUnit-Element(Clone)
 removing:uixPrfPanl_storageMechUnit-Element(Clone)
 removing:uixPrfPanl_storageMechUnit-Element(Clone)
 removing:uixPrfPanl_storageMechUnit-Element(Clone)
 removing:uixPrfPanl_storageMechUnit-Element(Clone)
 removing:uixPrfPanl_storageMechUnit-Element(Clone)
 removing:uixPrfPanl_storageMechUnit-Element(Clone)
 removing:uixPrfPanl_storageMechUnit-Element(Clone)
 removing:uixPrfPanl_storageMechUnit-Element(Clone)
 removing:uixPrfPanl_storageMechUnit-Element(Clone)
 removing:uixPrfPanl_storageMechUnit-Element(Clone)
 removing:uixPrfPanl_storageMechUnit-Element(Clone)
 removing:uixPrfPanl_storageMechUnit-Element(Clone)
 removing:uixPrfPanl_storageMechUnit-Element(Clone)
 removing:uixPrfPanl_storageMechUnit-Element(Clone)
 removing:uixPrfPanl_storageMechUnit-Element(Clone)
 removing:uixPrfPanl_storageMechUnit-Element(Clone)
[13:45:38.919]MechBay.TransitionMech: all prefabs loaded. Instancing
[13:45:47.933]MechBay.TransitionMech: all prefabs loaded. Instancing
[13:45:51.658]MechBay.TransitionMech: all prefabs loaded. Instancing
