D:\Github\BattleTech-Advanced\BT Advanced Factions\factions\faction_BroadswordLegion.json
System.InvalidOperationException: Cannot access child value on Newtonsoft.Json.Linq.JValue.
   at Newtonsoft.Json.Linq.JToken.get_Item(Object key)
   at BTJsonIDCheck.MainForm.backgroundWorker1_DoWork(Object sender, DoWorkEventArgs e)
D:\Github\BattleTech-Advanced\BT Advanced Factions\factions\faction_GraysGhosts.json
System.InvalidOperationException: Cannot access child value on Newtonsoft.Json.Linq.JValue.
   at Newtonsoft.Json.Linq.JToken.get_Item(Object key)
   at BTJsonIDCheck.MainForm.backgroundWorker1_DoWork(Object sender, DoWorkEventArgs e)
D:\Github\BattleTech-Advanced\BT Advanced Factions\factions\faction_KnightsOfCaerbannog.json
System.InvalidOperationException: Cannot access child value on Newtonsoft.Json.Linq.JValue.
   at Newtonsoft.Json.Linq.JToken.get_Item(Object key)
   at BTJsonIDCheck.MainForm.backgroundWorker1_DoWork(Object sender, DoWorkEventArgs e)
D:\Github\BattleTech-Advanced\BT Advanced Factions\factions\faction_LoneStarRegiment.json
System.InvalidOperationException: Cannot access child value on Newtonsoft.Json.Linq.JValue.
   at Newtonsoft.Json.Linq.JToken.get_Item(Object key)
   at BTJsonIDCheck.MainForm.backgroundWorker1_DoWork(Object sender, DoWorkEventArgs e)
D:\Github\BattleTech-Advanced\BT Advanced Factions\factions\faction_SecuritySolutionsInc.json
System.InvalidOperationException: Cannot access child value on Newtonsoft.Json.Linq.JValue.
   at Newtonsoft.Json.Linq.JToken.get_Item(Object key)
   at BTJsonIDCheck.MainForm.backgroundWorker1_DoWork(Object sender, DoWorkEventArgs e)
D:\Github\BattleTech-Advanced\BT Advanced Factions\factions\faction_Wolfs_Dragoons.json
System.InvalidOperationException: Cannot access child value on Newtonsoft.Json.Linq.JValue.
   at Newtonsoft.Json.Linq.JToken.get_Item(Object key)
   at BTJsonIDCheck.MainForm.backgroundWorker1_DoWork(Object sender, DoWorkEventArgs e)
