2020-02-03 01:10:23.467 - Assembly version: 0.5.6.0
2020-02-03 01:10:23.467 - === MOD CONFIG BEGIN ===
2020-02-03 01:10:23.468 -   DEBUG:False Trace:False
2020-02-03 01:10:23.468 -   -- Fixes --
2020-02-03 01:10:23.468 -   BulkPurchasing:True  CombatLog:False  DisableCombatSaves:True  ExtendedStats: False  FlexibleSensorLock:False  PreventCalledShots: False  RandomStartByDifficulty:True  SkirmishReset: False  SpawnProtection:FalseWeaponTooltips:FalseSkipDeleteSavePopup:TrueReduceSaveCompression:True
2020-02-03 01:10:23.468 -   -- Called Shot --
2020-02-03 01:10:23.468 -    CalledShotDefaultMod:6
2020-02-03 01:10:23.468 -    CalledShotDefaultMod:6
2020-02-03 01:10:23.468 -   -- Spawn Protection --
2020-02-03 01:10:23.468 -    ApplyGuard:True  EvasionPips:6
2020-02-03 01:10:23.469 -    ApplyToEnemies:True  ApplyToAllies:True  ApplyToNeutrals:True  
2020-02-03 01:10:23.469 -    ApplyToReinforcements:True
2020-02-03 01:10:23.469 -   -- Store --
2020-02-03 01:10:23.469 -    QuantityOnShift:5  QuantityOnControl:20
2020-02-03 01:10:23.469 - === MOD CONFIG END ===
2020-02-03 01:10:23.469 - INFO: No errors reading settings file.
2020-02-03 01:10:23.470 - Activating Fix: RandomStartByDifficulty
2020-02-03 01:10:23.477 - Activating Fix: BulkPurchasing
2020-02-03 01:10:23.486 - Activating Fix: DisableCombatSaves
2020-02-03 01:10:23.489 - Activating Fix: StreamlinedMainMenu
