INFO: 2020-10-28T17:48:46 - Adding effects for Concussion!
INFO: 2020-10-28T17:48:46 - Adding effects for Broken Jaw!
INFO: 2020-10-28T17:48:46 - Adding effects for Severe Burns - Head!
INFO: 2020-10-28T17:48:46 - Adding effects for Barotrauma - Head!
INFO: 2020-10-28T17:48:46 - Adding effects for Severe Burns - Left Arm!
INFO: 2020-10-28T17:48:46 - Adding effects for Severe Burns - Right Arm!
INFO: 2020-10-28T17:48:46 - Adding effects for Simple Fracture - Left Arm!
INFO: 2020-10-28T17:48:46 - Adding effects for Simple Fracture - Right Arm!
INFO: 2020-10-28T17:48:46 - Adding effects for Compound Fracture - Left Arm!
INFO: 2020-10-28T17:48:46 - Adding effects for Compound Fracture - Right Arm!
INFO: 2020-10-28T17:48:46 - Adding effects for Severe Burns - Left Leg!
INFO: 2020-10-28T17:48:46 - Adding effects for Severe Burns - Right Leg!
INFO: 2020-10-28T17:48:46 - Adding effects for Simple Fracture - Left Leg!
INFO: 2020-10-28T17:48:46 - Adding effects for Compound Fracture - Left Leg!
INFO: 2020-10-28T17:48:46 - Adding effects for Simple Fracture - Right Leg!
INFO: 2020-10-28T17:48:46 - Adding effects for Compound Fracture - Right Leg!
INFO: 2020-10-28T17:48:46 - Adding effects for Internal Bleeding - Torso!
INFO: 2020-10-28T17:48:46 - Adding effects for Broken Ribs!
INFO: 2020-10-28T17:48:46 - Adding effects for Punctured Lung!
INFO: 2020-10-28T17:48:46 - Adding effects for Collapsed Lung!
INFO: 2020-10-28T17:48:46 - Adding effects for Severe Burns - Torso!
INFO: 2020-10-28T17:48:46 - Adding effects for Neural Feedback!
INFO: 2020-10-28T17:54:20 - Added Frost iGUID tag
INFO: 2020-10-28T17:54:20 - Frost missing, added to pilotInjuriesMap
INFO: 2020-10-28T17:54:20 - Added Camel iGUID tag
INFO: 2020-10-28T17:54:20 - Camel missing, added to pilotInjuriesMap
INFO: 2020-10-28T17:54:20 - Added Roundup iGUID tag
INFO: 2020-10-28T17:54:20 - Roundup missing, added to pilotInjuriesMap
INFO: 2020-10-28T17:54:20 - Added Tanuki iGUID tag
INFO: 2020-10-28T17:54:20 - Tanuki missing, added to pilotInjuriesMap
INFO: 2020-10-28T17:54:20 - Added T1mel0rd88 iGUID tag
INFO: 2020-10-28T17:54:20 - T1mel0rd88 missing, added to pilotInjuriesMap
INFO: 2020-10-28T17:54:20 - Added Paradox iGUID tag
INFO: 2020-10-28T17:54:20 - Paradox missing, added to pilotInjuriesMap
INFO: 2020-10-28T17:54:20 - Added Longshot iGUID tag
INFO: 2020-10-28T17:54:20 - Longshot missing, added to pilotInjuriesMap
INFO: 2020-10-28T17:54:20 - Added Flatline iGUID tag
INFO: 2020-10-28T17:54:20 - Flatline missing, added to pilotInjuriesMap
INFO: 2020-10-28T17:54:20 - Added Harmony iGUID tag
INFO: 2020-10-28T17:54:20 - Harmony missing, added to pilotInjuriesMap
