Levels :Spam True :Debug True :Info True :Warn True
[Info] Harmony? 1.2.0.1
[Info] Unity? 2018.4.2f1
[Info] Product? BATTLETECH-1.8.0-629R
[Info] ModTek? 0.7.6.4
[Info] Initialized com.github.m22spencer.BattletechPerformanceFix 2.11.2.12678
[Info] Mod-Dir? F:\Games\GalaxyClient\Games\BATTLETECH\Mods\BattletechPerformanceFix
[Info] BattletechPerformanceFix found BattleTech 1.8.0 and will now load
[Info] Features ----------
[Info] Feature MechlabFix is ON
[Info] Feature LoadFixes is ON
[Info] Feature NoSalvageSoftlock is ON
[Info] Feature DataLoaderGetEntryCheck is ON
[Info] Feature ShopTabLagFix is ON
[Info] Feature ContractLagFix is ON
[Info] Feature EnableLoggingDuringLoads is ON
[Info] Feature ExtraLogging is ON
[Info] Feature ShaderDependencyOverride is ON
[Info] Feature DisableDeployAudio is OFF
[Info] Feature RemovedFlashpointFix is ON
[Info] Feature DisableSimAnimations is OFF
[Info] Patches ----------
[Info] Feature MechlabFix:
[Info] Patch: AAR_SalvageScreen.BeginSalvageScreen -> MechlabFix.BeginSalvageScreen_Pre
[Info] Patch: MechLabPanel.PopulateInventory -> MechlabFix.PopulateInventory_Pre
[Info] Patch: MechLabPanel.ConfirmRevertMech -> MechlabFix.ConfirmRevertMech_Pre
[Info] Patch: MechLabPanel.ExitMechLab -> MechlabFix.ExitMechLab_Pre
[Info] Patch: ScrollRect.LateUpdate -> MechlabFix.LateUpdate_Pre
[Info] Patch: MechLabInventoryWidget.OnAddItem -> MechlabFix.OnAddItem_Pre
[Info] Patch: MechLabInventoryWidget.OnRemoveItem -> MechlabFix.OnRemoveItem_Pre
[Info] Patch: MechLabInventoryWidget.OnItemGrab -> MechlabFix.OnItemGrab_Pre
[Info] Patch: MechLabInventoryWidget.ApplyFiltering -> MechlabFix.ApplyFiltering_Pre
[Info] Patch: MechLabPanel.MechCanEquipItem -> MechlabFix.MechCanEquipItem_Pre
[Info] Patch: MechLabInventoryWidget.ApplySorting -> MechlabFix.ApplySorting_Pre
[Info] Feature LoadFixes:
[Spam] CheckPatch is NYI
[Info] Feature NoSalvageSoftlock:
[Spam] CheckPatch is NYI
[Info] Feature DataLoaderGetEntryCheck:
[Spam] CheckPatch is NYI
[Info] Feature ShopTabLagFix:
[Spam] CheckPatch is NYI
[Spam] CheckPatch is NYI
[Info] Feature ContractLagFix:
[Debug] EncounterLayerData ctors 1
[Info] Feature EnableLoggingDuringLoads:
[Info] Feature ExtraLogging:
[Info] Patch: LanceOverride.RequestLance -> ExtraLogging.RequestLance_Pre
[Info] Patch: SimGameState.PrepContract -> ExtraLogging.PrepContract_Pre
[Info] Patch: SimGameState.PrepContract -> ExtraLogging.PrepContract_Post
[Info] Patch: LanceSpawnerGameLogic.InitializeTaggedLance -> ExtraLogging.InitializeTaggedLance_Pre
[Info] Feature ShaderDependencyOverride:
[Info] Patch: AssetBundleManager.IsBundleLoaded -> ShaderDependencyOverride.GetManager
[Info] Patch: AssetBundleManager.GenerateWebRequest -> ShaderDependencyOverride.GetManager
[Info] Patch: AssetBundleManager.IsBundleLoaded -> ShaderDependencyOverride.WithShaderDeps
[Info] Patch: AssetBundleManager.GenerateWebRequest -> ShaderDependencyOverride.WithShaderDeps
[Info] Feature RemovedFlashpointFix:
[Info] Patch: SimGameState.Rehydrate -> RemovedFlashpointFix.Rehydrate_Pre
[Info] Runtime ----------
[Info] Patch out sensitive data log dumps
[Info] LogLevel debug
Levels :Spam False :Debug True :Info True :Warn True
[Debug] Found bundle manager
[Debug] :load "computeshaders" :deps []
[Debug] :load "computeshaders" :deps []
[Debug] :load "computeshaders" :deps []
[Debug] :load "computeshaders" :deps []
[Debug] :load "computeshaders" :deps []
[Debug] :load "computeshaders" :deps []
[Debug] :load "computeshaders" :deps []
[Debug] :load "flashpoint" :deps []
[Debug] :load "flashpoint" :deps []
[Debug] :load "flashpoint" :deps []
[Debug] :load "shadowhawkdlc" :deps []
[Debug] :load "shadowhawkdlc" :deps []
[Debug] :load "shadowhawkdlc" :deps []
[Debug] :load "urbanwarfare" :deps []
[Debug] :load "urbanwarfare" :deps []
[Debug] :load "urbanwarfare" :deps []
[Debug] :load "heavymetal" :deps []
[Debug] :load "heavymetal" :deps []
[Debug] :load "heavymetal" :deps []
[Debug] :load "heavymetal" :deps []
[Debug] :load "heavymetal" :deps []
[Debug] :load "urbanwarfare" :deps []
[Debug] :load "urbanwarfare" :deps []
[Debug] :load "shadowhawkdlc" :deps []
[Debug] :load "shadowhawkdlc" :deps []
[Debug] :load "flashpoint" :deps []
[Debug] :load "flashpoint" :deps []
[Debug] :load "heavymetal" :deps []
[Debug] :load "heavymetal" :deps []
[Debug] :load "urbanwarfare" :deps []
[Debug] :load "urbanwarfare" :deps []
[Debug] :load "shadowhawkdlc" :deps []
[Debug] :load "shadowhawkdlc" :deps []
[Debug] :load "heavymetal" :deps []
[Debug] :load "heavymetal" :deps []
[Debug] :load "urbanwarfare" :deps []
[Debug] :load "urbanwarfare" :deps []
[Debug] :load "heavymetal" :deps []
[Debug] :load "heavymetal" :deps []
[Debug] :load "abilitybuttonicons" :deps []
[Debug] :load "abilitybuttonicons" :deps []
[Debug] :load "abilitybuttonicons" :deps []
[Debug] :load "abilitybuttonicons" :deps []
[Debug] :load "abilitybuttonicons" :deps []
[Debug] :load "chrprfvhcl_demolisher" :deps ["shaders"]
[Debug] :load "shaders" :deps []
[Debug] :load "chrprfvhcl_demolisher" :deps ["shaders"]
[Debug] :load "shaders" :deps []
[Debug] :load "shaders" :deps []
[Debug] :load "chrprfvhcl_demolisher" :deps ["shaders"]
[Debug] :load "shaders" :deps []
[Debug] :load "chrprfvhcl_demolisher" :deps ["shaders"]
[Debug] :load "shaders" :deps []
[Debug] :load "heavymetal" :deps []
[Debug] :load "heavymetal" :deps []
[Debug] :load "heavymetal" :deps []
[Debug] :load "heavymetal" :deps []
[Debug] :load "heavymetal" :deps []
[Debug] :load "heavymetal" :deps []
[Debug] :load "heavymetal" :deps []
[Debug] :load "heavymetal" :deps []
[Debug] :load "heavymetal" :deps []
[Debug] :load "heavymetal" :deps []
[Debug] :load "heavymetal" :deps []
[Debug] :load "heavymetal" :deps []
[Debug] :load "heavymetal" :deps []
[Debug] :load "heavymetal" :deps []
[Debug] :load "heavymetal" :deps []
[Debug] :load "heavymetal" :deps []
[Debug] :load "heavymetal" :deps []
[Debug] :load "heavymetal" :deps []
[Debug] :load "heavymetal" :deps []
[Debug] :load "heavymetal" :deps []
[Debug] :load "heavymetal" :deps []
[Debug] :load "heavymetal" :deps []
[Debug] :load "heavymetal" :deps []
[Debug] :load "heavymetal" :deps []
[Debug] :load "heavymetal" :deps []
[Debug] :load "heavymetal" :deps []
[Debug] :load "heavymetal" :deps []
[Debug] :load "heavymetal" :deps []
[Debug] :load "heavymetal" :deps []
[Debug] :load "heavymetal" :deps []
[Debug] :load "heavymetal" :deps []
[Debug] :load "heavymetal" :deps []
[Debug] :load "heavymetal" :deps []
[Debug] :load "heavymetal" :deps []
[Debug] :load "heavymetal" :deps []
[Debug] :load "heavymetal" :deps []
[Debug] :load "heavymetal" :deps []
[Debug] :load "heavymetal" :deps []
[Debug] :load "heavymetal" :deps []
[Debug] :load "heavymetal" :deps []
[Debug] :load "heavymetal" :deps []
[Debug] :load "heavymetal" :deps []
[Debug] :load "heavymetal" :deps []
[Debug] :load "heavymetal" :deps []
[Debug] :load "heavymetal" :deps []
[Debug] :load "heavymetal" :deps []
[Debug] :load "heavymetal" :deps []
[Debug] :load "heavymetal" :deps []
[Debug] :load "heavymetal" :deps []
[Debug] :load "heavymetal" :deps []
[Debug] :load "heavymetal" :deps []
[Debug] :load "heavymetal" :deps []
[Debug] :load "heavymetal" :deps []
[Debug] :load "heavymetal" :deps []
[Debug] :load "heavymetal" :deps []
[Debug] :load "heavymetal" :deps []
[Debug] :load "flashpoint" :deps []
[Debug] :load "heavymetal" :deps []
[Debug] :load "heavymetal" :deps []
[Debug] :load "heavymetal" :deps []
[Debug] :load "heavymetal" :deps []
[Debug] :load "heavymetal" :deps []
[Debug] :load "heavymetal" :deps []
[Debug] :load "heavymetal" :deps []
[Debug] :load "heavymetal" :deps []
[Debug] :load "abilitybuttonicons" :deps []
[Debug] :load "flashpoint" :deps []
[Debug] :load "flashpoint" :deps []
[Debug] :load "flashpoint" :deps []
[Debug] :load "flashpoint" :deps []
[Debug] :load "flashpoint" :deps []
[Debug] :load "flashpoint" :deps []
[Debug] :load "flashpoint" :deps []
[Debug] :load "urbanwarfare" :deps []
[Debug] :load "urbanwarfare" :deps []
[Debug] :load "heavymetal" :deps []
[Debug] :load "heavymetal" :deps []
[Debug] :load "heavymetal" :deps []
[Debug] :load "heavymetal" :deps []
[Debug] :load "heavymetal" :deps []
[Debug] :load "heavymetal" :deps []
[Debug] :load "heavymetal" :deps []
[Debug] :load "heavymetal" :deps []
[Debug] :load "heavymetal" :deps []
[Debug] :load "heavymetal" :deps []
[Debug] :load "heavymetal" :deps []
[Debug] :load "heavymetal" :deps []
[Debug] :load "heavymetal" :deps []
[Debug] :load "heavymetal" :deps []
[Debug] :load "heavymetal" :deps []
[Debug] :load "heavymetal" :deps []
[Debug] :load "heavymetal" :deps []
[Debug] :load "heavymetal" :deps []
[Debug] :load "heavymetal" :deps []
[Debug] :load "heavymetal" :deps []
[Debug] :load "mwportraits" :deps []
[Debug] :load "mwportraits" :deps []
[Debug] :load "mwportraits" :deps []
[Debug] :load "mwportraits" :deps []
[Debug] :load "mwportraits" :deps []
[Debug] :load "mwportraits" :deps []
[Debug] :load "mwportraits" :deps []
[Debug] :load "mwportraits" :deps []
[Debug] :load "mwportraits" :deps []
[Debug] :load "mwportraits" :deps []
[Debug] :load "mwportraits" :deps []
[Debug] :load "mwportraits" :deps []
[Debug] :load "mwportraits" :deps []
[Debug] :load "mwportraits" :deps []
[Debug] :load "mwportraits" :deps []
[Debug] :load "mwportraits" :deps []
[Debug] :load "mwportraits" :deps []
[Debug] :load "mwportraits" :deps []
[Debug] :load "mwportraits" :deps []
[Debug] :load "mwportraits" :deps []
[Debug] :load "mwportraits" :deps []
[Debug] :load "mwportraits" :deps []
[Debug] :load "mwportraits" :deps []
[Debug] :load "mwportraits" :deps []
[Debug] :load "mwportraits" :deps []
[Debug] :load "mwportraits" :deps []
[Debug] :load "heavymetal" :deps []
[Debug] [LimitItems] PopulateInventory patching (Mechlab fix)
[Debug] StorageInventory contains 701
[Debug] Mechbay Patch initialized :simGame? False
[Debug] Sort using CustomComponents.InventorySorterNotListComparer::Int32 Compare(BattleTech.UI.InventoryItemElement_NotListView, BattleTech.UI.InventoryItemElement_NotListView)
[Info] Sorted in 113.6498 ms
[Debug] [LimitItems] inventory cached in 270.2244 ms
[Debug] [LimitItems] Filter changed (reset? True):
  :weapons True
  :equip False
  :ballistic True
  :energy True
  :missile True
  :small True
  :heatsink True
  :jumpjet True
  :upgrade True
[Debug] Sort using CustomComponents.InventorySorterNotListComparer::Int32 Compare(BattleTech.UI.InventoryItemElement_NotListView, BattleTech.UI.InventoryItemElement_NotListView)
[Info] Sorted in 76.7702 ms
[Debug] [Filter] Removing :id emod_arm_hand :componentType Upgrade :quantity -2147483648
[Debug] [Filter] Removing :id emod_arm_lower :componentType Upgrade :quantity -2147483648
[Debug] [Filter] Removing :id Gear_Actuator_Friedhof_Theseus :componentType Upgrade :quantity -2147483648
[Debug] [Filter] Removing :id Gear_Actuator_Coventry_X65-Standard :componentType Upgrade :quantity -2147483648
[Debug] [Filter] Removing :id Gear_Actuator_Coventry_X55-Standard :componentType Upgrade :quantity -2147483648
[Debug] [Filter] Removing :id Gear_Actuator_Friedhof_Perseus :componentType Upgrade :quantity -2147483648
[Debug] [Filter] Removing :id Gear_Actuator_Coventry_X75-Standard :componentType Upgrade :quantity -2147483648
[Debug] [Filter] Removing :id Gear_Actuator_Coventry_B20-Extended :componentType Upgrade :quantity -2147483648
[Debug] [Filter] Removing :id Gear_Actuator_Friedhof_Heracles :componentType Upgrade :quantity -2147483648
[Debug] [Filter] Removing :id Gear_Actuator_Friedhof_Behemoth :componentType Upgrade :quantity -2147483648
[Debug] [Filter] Removing :id Gear_Actuator_Friedhof_Gargantuan :componentType Upgrade :quantity -2147483648
[Debug] [Filter] Removing :id Gear_Actuator_Coventry_B40-Extended :componentType Upgrade :quantity -2147483648
[Debug] [Filter] Removing :id Gear_Actuator_Coventry_B60-Extended :componentType Upgrade :quantity -2147483648
[Debug] [Filter] Removing :id Gear_Actuator_Friedhof_Colossus :componentType Upgrade :quantity -2147483648
[Debug] [Filter] Removing :id Gear_Actuator_Coventry_Alpha :componentType Upgrade :quantity -2147483648
[Debug] [Filter] Removing :id Gear_Actuator_Friedhof_Cronos :componentType Upgrade :quantity -2147483648
[Debug] [Filter] Removing :id emod_arm_upper :componentType Upgrade :quantity -2147483648
[Debug] [Filter] Removing :id Gear_Coolant_Pod :componentType HeatSink :quantity -2147483648
[Debug] [Filter] Removing :id emod_engineslots_size4 :componentType HeatSink :quantity -2147483648
[Debug] [Filter] Removing :id emod_engineslots_size6 :componentType HeatSink :quantity -2147483648
[Debug] [Filter] Removing :id emod_engineslots_size3 :componentType HeatSink :quantity -2147483648
[Debug] [Filter] Removing :id emod_engineslots_size2 :componentType HeatSink :quantity -2147483648
[Debug] [Filter] Removing :id Gear_HeatSink_Generic_Thermal-Exchanger-I :componentType HeatSink :quantity -2147483648
[Debug] [Filter] Removing :id Gear_HeatSink_Generic_Thermal-Exchanger-II :componentType HeatSink :quantity -2147483648
[Debug] [Filter] Removing :id Gear_HeatSink_Generic_Thermal-Exchanger-III :componentType HeatSink :quantity -2147483648
[Debug] [Filter] Removing :id Gear_FCS_Generic_Standard :componentType Upgrade :quantity -2147483648
[Debug] [Filter] Removing :id Gear_HeatSink_Generic_Standard-Bank :componentType HeatSink :quantity -2147483648
[Debug] [Filter] Removing :id Gear_HeatSink_Generic_Improved-Bank :componentType HeatSink :quantity -2147483648
[Debug] [Filter] Removing :id Gear_HeatSink_Generic_Bulk-Bank :componentType HeatSink :quantity -2147483648
[Debug] [Filter] Removing :id Gear_HeatSink_Generic_Standard :componentType HeatSink :quantity -2147483648
[Debug] [Filter] Removing :id Gear_HeatSink_Generic_Double :componentType HeatSink :quantity -2147483648
[Debug] [Filter] Removing :id Gear_JumpJet_Generic_Assault :componentType JumpJet :quantity -2147483648
[Debug] [Filter] Removing :id Gear_JumpJet_Generic_Heavy :componentType JumpJet :quantity -2147483648
[Debug] [Filter] Removing :id Gear_JumpJet_Generic_Standard :componentType JumpJet :quantity -2147483648
[Debug] [Filter] Removing :id Gear_Mortar_MechMortar :componentType Upgrade :quantity -2147483648
[Debug] [Filter] Removing :id Gear_Sensors_Generic_Standard :componentType Upgrade :quantity -2147483648
[Debug] [Filter] Removing :id Gear_Mortar_Thumper :componentType Upgrade :quantity -2147483648
[Debug] [Filter] Removing :id Gear_armorslots_Primitive :componentType Upgrade :quantity -2147483648
[Debug] [Filter] Removing :id emod_armorslots_ferrosfibrous :componentType Upgrade :quantity -2147483648
[Debug] [Filter] Removing :id Gear_armorslots_Hardened :componentType Upgrade :quantity -2147483648
[Debug] [Filter] Removing :id emod_armorslots_heavyferrosfibrous :componentType Upgrade :quantity -2147483648
[Debug] [Filter] Removing :id emod_armorslots_LAM :componentType Upgrade :quantity -2147483648
[Debug] [Filter] Removing :id emod_armorslots_lightferrosfibrous :componentType Upgrade :quantity -2147483648
[Debug] [Filter] Removing :id Gear_Reflective_Coating :componentType Upgrade :quantity -2147483648
[Debug] [Filter] Removing :id emod_armorslots_stealth :componentType Upgrade :quantity -2147483648
[Debug] [Filter] Removing :id Gear_structureslots_Composite :componentType Upgrade :quantity -2147483648
[Debug] [Filter] Removing :id emod_structureslots_endosteel :componentType Upgrade :quantity -2147483648
[Debug] [Filter] Removing :id emod_structureslots_LAM :componentType Upgrade :quantity -2147483648
[Debug] [Filter] Removing :id Gear_structureslots_Reinforced :componentType Upgrade :quantity -2147483648
[Debug] [Filter] Removing :id emod_Engine_LAM :componentType HeatSink :quantity -2147483648
[Debug] [Filter] Removing :id emod_engineslots_compact_center :componentType HeatSink :quantity -2147483648
[Debug] [Filter] Removing :id emod_engineslots_FuelCell :componentType HeatSink :quantity -2147483648
[Debug] [Filter] Removing :id emod_engineslots_ICE_center :componentType HeatSink :quantity -2147483648
[Debug] [Filter] Removing :id emod_engineslots_light_center :componentType HeatSink :quantity -2147483648
[Debug] [Filter] Removing :id emod_engineslots_Primitive_center :componentType HeatSink :quantity -2147483648
[Debug] [Filter] Removing :id emod_engineslots_xxl_center :componentType HeatSink :quantity -2147483648
[Debug] [Filter] Removing :id Gear_HeatSink_Prototype_Double :componentType HeatSink :quantity -2147483648
[Debug] [Filter] Removing :id emod_kit_dhs_proto :componentType HeatSink :quantity -2147483648
[Debug] [Filter] Removing :id Gear_Quirk_StableWeapon_Annihilator :componentType Upgrade :quantity -2147483648
[Debug] [Filter] Removing :id Gear_Quirk_PrimitiveRugged_Archer :componentType Upgrade :quantity -2147483648
[Debug] [Filter] Removing :id Gear_Quirk_NimbleJumper_Assassin :componentType Upgrade :quantity -2147483648
[Debug] [Filter] Removing :id Gear_Quirk_Rugged_Axman :componentType Upgrade :quantity -2147483648
[Debug] [Filter] Removing :id Gear_Quirk_Rugged_Banshee :componentType Upgrade :quantity -2147483648
[Debug] [Filter] Removing :id Gear_Quirk_PrimitiveRugged_Banshee :componentType Upgrade :quantity -2147483648
[Debug] [Filter] Removing :id Gear_Quirk_ImprovedTargeting_Blackjack :componentType Upgrade :quantity -2147483648
[Debug] [Filter] Removing :id Gear_Quirk_StableWeapon_Bombard :componentType Upgrade :quantity -2147483648
[Debug] [Filter] Removing :id Gear_Quirk_NarrowProfile_Bushwacker :componentType Upgrade :quantity -2147483648
[Debug] [Filter] Removing :id Gear_Quirk_ImprovedTargeting_Cataphract :componentType Upgrade :quantity -2147483648
[Debug] [Filter] Removing :id Gear_Quirk_NimbleJumper_Catapult :componentType Upgrade :quantity -2147483648
[Debug] [Filter] Removing :id Gear_Quirk_ImprovedTargeting_Centurion :componentType Upgrade :quantity -2147483648
[Debug] [Filter] Removing :id Gear_Quirk_EasytoMaintain_Charger :componentType Upgrade :quantity -2147483648
[Debug] [Filter] Removing :id Gear_Quirk_ImprovedTargeting_Clint :componentType Upgrade :quantity -2147483648
[Debug] [Filter] Removing :id Gear_Quirk_NarrowProfile_Commando :componentType Upgrade :quantity -2147483648
[Debug] [Filter] Removing :id Gear_Quirk_PrimitiveRugged_Commando :componentType Upgrade :quantity -2147483648
[Debug] [Filter] Removing :id Gear_Quirk_Rugged_Corsair :componentType Upgrade :quantity -2147483648
[Debug] [Filter] Removing :id Gear_Quirk_ImprovedCommunications_Crab :componentType Upgrade :quantity -2147483648
[Debug] [Filter] Removing :id Gear_Quirk_EasytoMaintain_Crusader :componentType Upgrade :quantity -2147483648
[Debug] [Filter] Removing :id Gear_Quirk_EasytoMaintain_Dervish :componentType Upgrade :quantity -2147483648
[Debug] [Filter] Removing :id Gear_Quirk_PrimitiveRugged_Dervish :componentType Upgrade :quantity -2147483648
[Debug] [Filter] Removing :id Gear_Cockpit_DNI :componentType Upgrade :quantity -2147483648
[Debug] [Filter] Removing :id Gear_Quirk_NarrowProfile_EmperorCrab :componentType Upgrade :quantity -2147483648
[Debug] [Filter] Removing :id Gear_Quirk_PrimitiveRugged_Emperor :componentType Upgrade :quantity -2147483648
[Debug] [Filter] Removing :id Gear_Quirk_ImprovedCoolingJacket_Enforcer :componentType Upgrade :quantity -2147483648
[Debug] [Filter] Removing :id Gear_Quirk_StableWeapon_Fafnir :componentType Upgrade :quantity -2147483648
[Debug] [Filter] Removing :id Gear_Quirk_ImprovedCoolingJacket_Firebee :componentType Upgrade :quantity -2147483648
[Debug] [Filter] Removing :id Gear_Quirk_PrimitiveRugged_Firebee :componentType Upgrade :quantity -2147483648
[Debug] [Filter] Removing :id Gear_Quirk_NimbleJumper_Firestarter :componentType Upgrade :quantity -2147483648
[Debug] [Filter] Removing :id Gear_Quirk_NarrowProfile_Flea :componentType Upgrade :quantity -2147483648
[Debug] [Filter] Removing :id Gear_Quirk_CombatComputer_GrandDragon :componentType Upgrade :quantity -2147483648
[Debug] [Filter] Removing :id Gear_Quirk_Rugged_Grasshopper :componentType Upgrade :quantity -2147483648
[Debug] [Filter] Removing :id Gear_Quirk_Rugged_Griffin :componentType Upgrade :quantity -2147483648
[Debug] [Filter] Removing :id Gear_Quirk_PrimitiveRugged_Griffin :componentType Upgrade :quantity -2147483648
[Debug] [Filter] Removing :id Gear_Quirk_PrimitiveRugged_Helepolis :componentType Upgrade :quantity -2147483648
[Debug] [Filter] Removing :id Gear_Quirk_StableWeapon_Helepolis :componentType Upgrade :quantity -2147483648
[Debug] [Filter] Removing :id Gear_Quirk_ImprovedSensors_Hellspawn :componentType Upgrade :quantity -2147483648
[Debug] [Filter] Removing :id Gear_Quirk_StableWeapon_Hollander :componentType Upgrade :quantity -2147483648
[Debug] [Filter] Removing :id Gear_Quirk_ImprovedSensors_HuronWarrior :componentType Upgrade :quantity -2147483648
[Debug] [Filter] Removing :id Gear_Quirk_ImprovedTargeting_IcarusII :componentType Upgrade :quantity -2147483648
[Debug] [Filter] Removing :id Gear_Quirk_PrimitiveRugged_Icarus :componentType Upgrade :quantity -2147483648
[Debug] [Filter] Removing :id Gear_Quirk_ImprovedTargeting_JagerMech :componentType Upgrade :quantity -2147483648
[Debug] [Filter] Removing :id Gear_Quirk_NimbleJumper_Javelin :componentType Upgrade :quantity -2147483648
[Debug] [Filter] Removing :id Gear_Quirk_ImprovedCoolingJacket_Jenner :componentType Upgrade :quantity -2147483648
[Debug] [Filter] Removing :id Gear_Quirk_ImprovedTargeting_KingCrab :componentType Upgrade :quantity -2147483648
[Debug] [Filter] Removing :id Gear_Quirk_Rugged_Kintaro :componentType Upgrade :quantity -2147483648
[Debug] [Filter] Removing :id Gear_Quirk_StableWeapon_Linesman :componentType Upgrade :quantity -2147483648
[Debug] [Filter] Removing :id Gear_Quirk_NarrowProfile_Locust :componentType Upgrade :quantity -2147483648
[Debug] [Filter] Removing :id Gear_Quirk_CombatComputer_Longbow :componentType Upgrade :quantity -2147483648
[Debug] [Filter] Removing :id Gear_Quirk_PrimitiveRugged_Longbow :componentType Upgrade :quantity -2147483648
[Debug] [Filter] Removing :id Gear_Quirk_ImprovedCommunications_Mackie :componentType Upgrade :quantity -2147483648
[Debug] [Filter] Removing :id Gear_Quirk_PrimitiveRugged_Mackie :componentType Upgrade :quantity -2147483648
[Debug] [Filter] Removing :id Gear_Quirk_CombatComputer_MarauderII :componentType Upgrade :quantity -2147483648
[Debug] [Filter] Removing :id Gear_Quirk_StableWeapon_Mauler :componentType Upgrade :quantity -2147483648
[Debug] [Filter] Removing :id Gear_Quirk_CombatComputer_Orion :componentType Upgrade :quantity -2147483648
[Debug] [Filter] Removing :id Gear_Quirk_PrimitiveRugged_Orion :componentType Upgrade :quantity -2147483648
[Debug] [Filter] Removing :id Gear_Quirk_ImprovedSensors_Osiris :componentType Upgrade :quantity -2147483648
[Debug] [Filter] Removing :id Gear_Quirk_NarrowProfile_Ostroc :componentType Upgrade :quantity -2147483648
[Debug] [Filter] Removing :id Gear_Quirk_ImprovedSensors_Ostsol :componentType Upgrade :quantity -2147483648
[Debug] [Filter] Removing :id Gear_Quirk_Rugged_Ostwar :componentType Upgrade :quantity -2147483648
[Debug] [Filter] Removing :id Gear_Quirk_PrimitiveRugged_Ostwar :componentType Upgrade :quantity -2147483648
[Debug] [Filter] Removing :id Gear_Quirk_ImprovedTargeting_Panther :componentType Upgrade :quantity -2147483648
[Debug] [Filter] Removing :id Gear_Quirk_ImprovedCommunications_PhoenixHawk :componentType Upgrade :quantity -2147483648
[Debug] [Filter] Removing :id Gear_Cockpit_Primitive :componentType Upgrade :quantity -2147483648
[Debug] [Filter] Removing :id Gear_Quirk_ImprovedCommunications_Quickdraw :componentType Upgrade :quantity -2147483648
[Debug] [Filter] Removing :id Gear_Quirk_CombatComputer_Rakshasa :componentType Upgrade :quantity -2147483648
[Debug] [Filter] Removing :id Gear_Quirk_NarrowProfile_Raven :componentType Upgrade :quantity -2147483648
[Debug] [Filter] Removing :id Gear_Quirk_ImprovedCommunications_Rifleman :componentType Upgrade :quantity -2147483648
[Debug] [Filter] Removing :id Gear_Quirk_PrimitiveRugged_Rifleman :componentType Upgrade :quantity -2147483648
[Debug] [Filter] Removing :id Gear_Quirk_Rugged_Roughneck :componentType Upgrade :quantity -2147483648
[Debug] [Filter] Removing :id Gear_Quirk_PrimitiveRugged_ShadowHawk :componentType Upgrade :quantity -2147483648
[Debug] [Filter] Removing :id Gear_Quirk_NimbleJumper_Spider :componentType Upgrade :quantity -2147483648
[Debug] [Filter] Removing :id Gear_Quirk_CombatComputer_Stalker :componentType Upgrade :quantity -2147483648
[Debug] [Filter] Removing :id Gear_Quirk_EasytoMaintain_Stinger :componentType Upgrade :quantity -2147483648
[Debug] [Filter] Removing :id Gear_Quirk_ImprovedSensors_Thanatos :componentType Upgrade :quantity -2147483648
[Debug] [Filter] Removing :id Gear_Quirk_Rugged_Thunderbolt :componentType Upgrade :quantity -2147483648
[Debug] [Filter] Removing :id Gear_Quirk_PrimitiveRugged_Thunderbolt :componentType Upgrade :quantity -2147483648
[Debug] [Filter] Removing :id Gear_Cockpit_Torsomount :componentType Upgrade :quantity -2147483648
[Debug] [Filter] Removing :id Gear_Quirk_PrimitiveRugged_Trooper :componentType Upgrade :quantity -2147483648
[Debug] [Filter] Removing :id Gear_Quirk_NarrowProfile_Urbanmech :componentType Upgrade :quantity -2147483648
[Debug] [Filter] Removing :id Gear_Quirk_ImprovedSensors_ValkyrieII :componentType Upgrade :quantity -2147483648
[Debug] [Filter] Removing :id Gear_Quirk_ImprovedCommunications_Valkyrie :componentType Upgrade :quantity -2147483648
[Debug] [Filter] Removing :id Gear_Quirk_Rugged_Victor :componentType Upgrade :quantity -2147483648
[Debug] [Filter] Removing :id Gear_Quirk_Rugged_Vindicator :componentType Upgrade :quantity -2147483648
[Debug] [Filter] Removing :id Gear_Quirk_NarrowProfile_Vulcan :componentType Upgrade :quantity -2147483648
[Debug] [Filter] Removing :id Gear_Quirk_Rugged_Warhammer :componentType Upgrade :quantity -2147483648
[Debug] [Filter] Removing :id Gear_Quirk_NimbleJumper_Wasp :componentType Upgrade :quantity -2147483648
[Debug] [Filter] Removing :id Gear_Quirk_PrimitiveRugged_Wasp :componentType Upgrade :quantity -2147483648
[Debug] [Filter] Removing :id Gear_Quirk_ImprovedCommunications_Wolverine :componentType Upgrade :quantity -2147483648
[Debug] [Filter] Removing :id Gear_Quirk_PrimitiveRugged_Wolverine :componentType Upgrade :quantity -2147483648
[Debug] [Filter] Removing :id Gear_Quirk_Battlefists_Archer :componentType Upgrade :quantity -2147483648
[Debug] [Filter] Removing :id Gear_Quirk_Battlefists_Atlas :componentType Upgrade :quantity -2147483648
[Debug] [Filter] Removing :id Gear_Quirk_Battlefists_Awesome :componentType Upgrade :quantity -2147483648
[Debug] [Filter] Removing :id Gear_Quirk_Battlefists_Hunchback :componentType Upgrade :quantity -2147483648
[Debug] [Filter] Removing :id Gear_Quirk_IndustrialClaw_LoaderKing :componentType Upgrade :quantity -2147483648
[Debug] [Filter] Removing :id Gear_Gyro_Friedhof_Osprey :componentType Upgrade :quantity -2147483648
[Debug] [Filter] Removing :id Gear_Gyro_Friedhof_Kite :componentType Upgrade :quantity -2147483648
[Debug] [Filter] Removing :id Gear_Gyro_Friedhof_Sparrow :componentType Upgrade :quantity -2147483648
[Debug] [Filter] Removing :id Gear_Gyro_Coventry_Mark-75 :componentType Upgrade :quantity -2147483648
[Debug] [Filter] Removing :id Gear_Gyro_Coventry_Mark-85 :componentType Upgrade :quantity -2147483648
[Debug] [Filter] Removing :id Gear_Gyro_Coventry_Mark-95 :componentType Upgrade :quantity -2147483648
[Debug] [Filter] Removing :id Gear_Gyro_Rawlings_StabiliTrak-5 :componentType Upgrade :quantity -2147483648
[Debug] [Filter] Removing :id Gear_Gyro_Rawlings_StabiliTrak-10 :componentType Upgrade :quantity -2147483648
[Debug] [Filter] Removing :id Gear_Gyro_Rawlings_StabiliTrak-15 :componentType Upgrade :quantity -2147483648
[Debug] [Filter] Removing :id Gear_MASC :componentType Upgrade :quantity -2147483648
[Debug] [Filter] Removing :id Gear_Supercharger :componentType Upgrade :quantity -2147483648
[Debug] [Filter] Removing :id Gear_Angel_ECM :componentType Upgrade :quantity -2147483648
[Debug] [Filter] Removing :id Gear_BAP :componentType Upgrade :quantity -2147483648
[Debug] [Filter] Removing :id Gear_Bloodhound_AP :componentType Upgrade :quantity -2147483648
[Debug] [Filter] Removing :id Gear_Boosted_BAP :componentType Upgrade :quantity -2147483648
[Debug] [Filter] Removing :id Gear_C3 :componentType Upgrade :quantity -2147483648
[Debug] [Filter] Removing :id Gear_Proto_EWS :componentType Upgrade :quantity -2147483648
[Debug] [Filter] Removing :id Gear_Experimental_EWAR :componentType Upgrade :quantity -2147483648
[Debug] [Filter] Removing :id Gear_Guardian_ECM :componentType Upgrade :quantity -2147483648
[Debug] [Filter] Removing :id Gear_ProtoDHS :componentType Upgrade :quantity -2147483648
[Debug] [Filter] Removing :id Gear_EWS :componentType Upgrade :quantity -2147483648
[Debug] [Filter] Removing :id Gear_PPC_Capacitator :componentType Upgrade :quantity -2147483648
[Debug] [Filter] Removing :id Gear_JumpJet_Improved_Heavy :componentType JumpJet :quantity -2147483648
[Debug] [Filter] Removing :id Gear_PartialWing_Generic_Standard30 :componentType JumpJet :quantity -2147483648
[Debug] [Filter] Removing :id Gear_PartialWing_Generic_Standard50 :componentType JumpJet :quantity -2147483648
[Debug] [Filter] Removing :id Gear_PartialWing_Generic_Standard55 :componentType JumpJet :quantity -2147483648
[Debug] [Filter] Removing :id Gear_PartialWing_Generic_Standard80 :componentType JumpJet :quantity -2147483648
[Debug] [Filter] Removing :id emod_engine_012 :componentType HeatSink :quantity -2147483648
[Debug] [Filter] Removing :id emod_engine_036 :componentType HeatSink :quantity -2147483648
[Debug] [Filter] Removing :id emod_engine_425 :componentType HeatSink :quantity -2147483648
[Debug] [Filter] Removing :id Gear_TTS_AdvancedTC :componentType Upgrade :quantity -2147483648
[Debug] [Filter] Removing :id Gear_TargetingTrackingSystem_ARTEMISIV :componentType Upgrade :quantity -2147483648
[Debug] [Filter] Removing :id Gear_TargetingTrackingSystem_Kallon_A-C-1000 :componentType Upgrade :quantity -2147483648
[Debug] [Filter] Removing :id Gear_TargetingTrackingSystem_Hartford_F1800 :componentType Upgrade :quantity -2147483648
[Debug] [Filter] Removing :id Gear_TargetingTrackingSystem_RCA_InstaTrac-VIII :componentType Upgrade :quantity -2147483648
[Debug] [Filter] Removing :id Gear_TargetingTrackingSystem_RCA_InstaTrac-IX :componentType Upgrade :quantity -2147483648
[Debug] [Filter] Removing :id Gear_TargetingTrackingSystem_Kallon_A-C-1500 :componentType Upgrade :quantity -2147483648
[Debug] [Filter] Removing :id Gear_TargetingTrackingSystem_Hartford_F2400 :componentType Upgrade :quantity -2147483648
[Debug] [Filter] Removing :id Gear_TargetingTrackingSystem_Hartford_F3000 :componentType Upgrade :quantity -2147483648
[Debug] [Filter] Removing :id Gear_TargetingTrackingSystem_RCA_InstaTrac-X :componentType Upgrade :quantity -2147483648
[Debug] [Filter] Removing :id Gear_TargetingTrackingSystem_Kallon_A-C-P150+ :componentType Upgrade :quantity -2147483648
[Debug] [Filter] Removing :id Gear_TargetingTrackingSystem_Hartford_S2000 :componentType Upgrade :quantity -2147483648
[Debug] [Filter] Removing :id Gear_TargetingTrackingSystem_RCA_InstaTrac-XII :componentType Upgrade :quantity -2147483648
[Debug] [Filter] Removing :id Gear_TargetingTrackingSystem_Kallon_Lock-On :componentType Upgrade :quantity -2147483648
[Debug] [Filter] Removing :id Gear_Cockpit_Ceres_Metals_Braced :componentType Upgrade :quantity -2147483648
[Debug] [Filter] Removing :id Gear_Cockpit_Ceres_Metals_Reinforced :componentType Upgrade :quantity -2147483648
[Debug] [Filter] Removing :id Gear_Cockpit_Ceres_Metals_Hardened :componentType Upgrade :quantity -2147483648
[Debug] [Filter] Removing :id Gear_Quirk_CommandMech_Battlemaster :componentType Upgrade :quantity -2147483648
[Debug] [Filter] Removing :id Gear_Quirk_CommandMech_BlackKnight :componentType Upgrade :quantity -2147483648
[Debug] [Filter] Removing :id Gear_Quirk_EasytoPilot_Champion :componentType Upgrade :quantity -2147483648
[Debug] [Filter] Removing :id Gear_Quirk_EasytoPilot_Cicada :componentType Upgrade :quantity -2147483648
[Debug] [Filter] Removing :id Gear_Cockpit_CommandConsole :componentType Upgrade :quantity -2147483648
[Debug] [Filter] Removing :id Gear_Cockpit_StarCorps_Improved :componentType Upgrade :quantity -2147483648
[Debug] [Filter] Removing :id Gear_Cockpit_StarCorps_Enhanced :componentType Upgrade :quantity -2147483648
[Debug] [Filter] Removing :id Gear_Cockpit_StarCorps_Advanced :componentType Upgrade :quantity -2147483648
[Debug] [Filter] Removing :id Gear_Quirk_Cowl_Cyclops :componentType Upgrade :quantity -2147483648
[Debug] [Filter] Removing :id Gear_Quirk_ImprovedLifeSupport_Dragon :componentType Upgrade :quantity -2147483648
[Debug] [Filter] Removing :id Gear_Quirk_ImprovedLifeSupport_Emperor :componentType Upgrade :quantity -2147483648
[Debug] [Filter] Removing :id Gear_Quirk_Cowl_Hatamoto :componentType Upgrade :quantity -2147483648
[Debug] [Filter] Removing :id Gear_Quirk_Cowl_Highlander :componentType Upgrade :quantity -2147483648
[Debug] [Filter] Removing :id Gear_Quirk_ImprovedLifeSupport_Juggernaut :componentType Upgrade :quantity -2147483648
[Debug] [Filter] Removing :id Gear_Quirk_CommandMech_Marauder :componentType Upgrade :quantity -2147483648
[Debug] [Filter] Removing :id Gear_Quirk_EasytoPilot_Mongoose :componentType Upgrade :quantity -2147483648
[Debug] [Filter] Removing :id Gear_Quirk_CommandMech_Nightstar :componentType Upgrade :quantity -2147483648
[Debug] [Filter] Removing :id Gear_Cockpit_Majesty_M_M_60KL :componentType Upgrade :quantity -2147483648
[Debug] [Filter] Removing :id Gear_Cockpit_Majesty_M_M_120KL :componentType Upgrade :quantity -2147483648
[Debug] [Filter] Removing :id Gear_Cockpit_Majesty_M_M_180KL :componentType Upgrade :quantity -2147483648
[Debug] [Filter] Removing :id Gear_Quirk_ImprovedLifeSupport_ShadowHawk :componentType Upgrade :quantity -2147483648
[Debug] [Filter] Removing :id Gear_Quirk_EasytoPilot_Talos :componentType Upgrade :quantity -2147483648
[Debug] [Filter] Removing :id Gear_Quirk_EasytoPilot_Trebuchet :componentType Upgrade :quantity -2147483648
[Debug] [Filter] Removing :id Gear_Quirk_Cowl_Uziel :componentType Upgrade :quantity -2147483648
[Debug] [Filter] Removing :id Gear_Quirk_ImprovedLifeSupport_Wolfhound :componentType Upgrade :quantity -2147483648
[Debug] [Filter] Removing :id Gear_Quirk_EasytoPilot_Zeus :componentType Upgrade :quantity -2147483648
[Debug] [Filter] Removing :id emod_arm_part_shoulder :componentType Upgrade :quantity -2147483648
[Debug] [Filter] Removing :id emod_arm_part_upper :componentType Upgrade :quantity -2147483648
[Debug] [Filter] Removing :id emod_arm_part_lower :componentType Upgrade :quantity -2147483648
[Debug] [Filter] Removing :id emod_arm_omni_lower :componentType Upgrade :quantity -2147483648
[Debug] [Filter] Removing :id emod_arm_part_hand :componentType Upgrade :quantity -2147483648
[Debug] [Filter] Removing :id emod_arm_omni_hand :componentType Upgrade :quantity -2147483648
[Debug] [Filter] Removing :id emod_leg_hip :componentType Upgrade :quantity -2147483648
[Debug] [Filter] Removing :id emod_leg_upper :componentType Upgrade :quantity -2147483648
[Debug] [Filter] Removing :id emod_leg_lower :componentType Upgrade :quantity -2147483648
[Debug] [Filter] Removing :id emod_leg_foot :componentType Upgrade :quantity -2147483648
[Debug] [Filter] Removing :id Gear_Actuator_Rawlings_Epsilon :componentType Upgrade :quantity -2147483648
[Debug] [Filter] Removing :id Gear_Actuator_Pitban_Jackrabbit :componentType Upgrade :quantity -2147483648
[Debug] [Filter] Removing :id Gear_Actuator_Rawlings_Omicron :componentType Upgrade :quantity -2147483648
[Debug] [Filter] Removing :id Gear_Actuator_Pitban_Wallaby :componentType Upgrade :quantity -2147483648
[Debug] [Filter] Removing :id Gear_Actuator_Pitban_Kangaroo :componentType Upgrade :quantity -2147483648
[Debug] [Filter] Removing :id Gear_Actuator_Rawlings_Omega :componentType Upgrade :quantity -2147483648
[Debug] [Filter] Removing :id emod_case :componentType Upgrade :quantity -2147483648
[Debug] [Filter] Removing :id emod_case2 :componentType Upgrade :quantity -2147483648
[Debug] [Filter] Removing :id Gear_Cockpit_LifeSupportA_Standard :componentType Upgrade :quantity -2147483648
[Debug] [Filter] Removing :id Gear_Cockpit_SensorsA_Standard :componentType Upgrade :quantity -2147483648
[Debug] [Filter] Removing :id Gear_Cockpit_Generic_Standard :componentType Upgrade :quantity -2147483648
[Debug] [Filter] Removing :id Gear_Cockpit_SLDF_Custom :componentType Upgrade :quantity -2147483648
[Debug] [Filter] Removing :id Gear_Cockpit_StarCorps_Dalban :componentType Upgrade :quantity -2147483648
[Debug] [Filter] Removing :id Gear_Cockpit_Majesty_M_M_MagestrixAlpha :componentType Upgrade :quantity -2147483648
[Debug] [Filter] Removing :id Gear_Cockpit_Generic_Small :componentType Upgrade :quantity -2147483648
[Debug] [Filter] Removing :id Gear_Cockpit_SensorsB_Standard :componentType Upgrade :quantity -2147483648
[Debug] [Filter] Removing :id Gear_Cockpit_LifeSupportB_Standard :componentType Upgrade :quantity -2147483648
[Debug] [Filter] Removing :id emod_armorslots_standard :componentType Upgrade :quantity -2147483648
[Debug] [Filter] Removing :id emod_structureslots_standard :componentType Upgrade :quantity -2147483648
[Debug] [Filter] Removing :id emod_kit_shs :componentType HeatSink :quantity -2147483648
[Debug] [Filter] Removing :id emod_kit_dhs :componentType HeatSink :quantity -2147483648
[Debug] [Filter] Removing :id Gear_Gyro_Generic_Standard :componentType Upgrade :quantity -2147483648
[Debug] [Filter] Removing :id Gear_Gyro_Hermes_Equilibrium :componentType Upgrade :quantity -2147483648
[Debug] [Filter] Removing :id Gear_Gyro_Omnimech :componentType Upgrade :quantity -2147483648
[Debug] [Filter] Removing :id emod_engineslots_std_center :componentType HeatSink :quantity -2147483648
[Debug] [Filter] Removing :id emod_engineslots_xl_center :componentType HeatSink :quantity -2147483648
[Debug] [Filter] Removing :id emod_engine_cooling :componentType HeatSink :quantity -2147483648
[Debug] [Filter] Removing :id emod_engine_cooling_1 :componentType HeatSink :quantity -2147483648
[Debug] [Filter] Removing :id emod_engine_cooling_2 :componentType HeatSink :quantity -2147483648
[Debug] [Filter] Removing :id emod_engine_cooling_3 :componentType HeatSink :quantity -2147483648
[Debug] [Filter] Removing :id emod_engine_cooling_4 :componentType HeatSink :quantity -2147483648
[Debug] [Filter] Removing :id emod_engine_cooling_5 :componentType HeatSink :quantity -2147483648
[Debug] [Filter] Removing :id emod_engine_cooling_6 :componentType HeatSink :quantity -2147483648
[Debug] [Filter] Removing :id emod_engine_cooling_7 :componentType HeatSink :quantity -2147483648
[Debug] [Filter] Removing :id emod_engine_060 :componentType HeatSink :quantity -2147483648
[Debug] [Filter] Removing :id emod_engine_145 :componentType HeatSink :quantity -2147483648
[Debug] [Filter] Removing :id emod_engine_155 :componentType HeatSink :quantity -2147483648
[Debug] [Filter] Removing :id emod_engine_170 :componentType HeatSink :quantity -2147483648
[Debug] [Filter] Removing :id emod_engine_180 :componentType HeatSink :quantity -2147483648
[Debug] [Filter] Removing :id emod_engine_200 :componentType HeatSink :quantity -2147483648
[Debug] [Filter] Removing :id emod_engine_210 :componentType HeatSink :quantity -2147483648
[Debug] [Filter] Removing :id emod_engine_215 :componentType HeatSink :quantity -2147483648
[Debug] [Filter] Removing :id emod_engine_220 :componentType HeatSink :quantity -2147483648
[Debug] [Filter] Removing :id emod_engine_230 :componentType HeatSink :quantity -2147483648
[Debug] [Filter] Removing :id emod_engine_240 :componentType HeatSink :quantity -2147483648
[Debug] [Filter] Removing :id emod_engine_245 :componentType HeatSink :quantity -2147483648
[Debug] [Filter] Removing :id emod_engine_250 :componentType HeatSink :quantity -2147483648
[Debug] [Filter] Removing :id emod_engine_255 :componentType HeatSink :quantity -2147483648
[Debug] [Filter] Removing :id emod_engine_260 :componentType HeatSink :quantity -2147483648
[Debug] [Filter] Removing :id emod_engine_270 :componentType HeatSink :quantity -2147483648
[Debug] [Filter] Removing :id emod_engine_275 :componentType HeatSink :quantity -2147483648
[Debug] [Filter] Removing :id emod_engine_280 :componentType HeatSink :quantity -2147483648
[Debug] [Filter] Removing :id emod_engine_300 :componentType HeatSink :quantity -2147483648
[Debug] [Filter] Removing :id emod_engine_320 :componentType HeatSink :quantity -2147483648
[Debug] [Filter] Removing :id emod_engine_340 :componentType HeatSink :quantity -2147483648
[Debug] [Filter] Removing :id emod_engine_360 :componentType HeatSink :quantity -2147483648
[Debug] [Filter] Removing :id emod_engine_380 :componentType HeatSink :quantity -2147483648
[Debug] [Filter] Removing :id emod_engine_400 :componentType HeatSink :quantity -2147483648
[Debug] [Filter] Removing :id emod_engine_dummy :componentType HeatSink :quantity -2147483648
[Info] Filter took 112.6671 ms and resulted in 701 -> 406 items
[Debug] [LimitItems] Refresh: 0 406 8 0
[Debug] [LimitItems] Items prefixing 0 hanging 398 total 406 (0.0, 0.0)/(0.0, 0.0)
[Debug] [LimitItems] Refresh with: 399 0
[Debug] [LimitItems] Refresh: 399 406 8 0
[Debug] [LimitItems] Items prefixing 399 hanging 0 total 406 (0.0, 0.0)/(0.0, 0.0)
[Debug] [LimitItems] Refresh with: 0 1
[Debug] [LimitItems] Refresh: 0 406 8 1
[Debug] [LimitItems] Items prefixing 0 hanging 398 total 406 (243.0, -31972.0)/(243.0, -32052.0)
[Debug] [LimitItems] Exiting mechlab
[Debug] :load "flashpoint" :deps []
[Debug] :load "flashpoint" :deps []
[Debug] :load "flashpoint" :deps []
[Debug] :load "flashpoint" :deps []
[Debug] :load "flashpoint" :deps []
[Debug] :load "flashpoint" :deps []
[Debug] :load "flashpoint" :deps []
[Debug] :load "flashpoint" :deps []
[Debug] :load "flashpoint" :deps []
[Debug] :load "flashpoint" :deps []
[Debug] :load "flashpoint" :deps []
[Debug] :load "heavymetal" :deps []
[Debug] :load "heavymetal" :deps []
[Debug] :load "heavymetal" :deps []
[Debug] :load "heavymetal" :deps []
[Debug] :load "flashpoint" :deps []
[Debug] :load "flashpoint" :deps []
[Debug] :load "flashpoint" :deps []
[Debug] :load "flashpoint" :deps []
[Debug] :load "flashpoint" :deps []
[Debug] :load "flashpoint" :deps []
[Debug] :load "flashpoint" :deps []
[Debug] :load "flashpoint" :deps []
[Debug] :load "flashpoint" :deps []
[Debug] :load "flashpoint" :deps []
[Debug] :load "flashpoint" :deps []
[Debug] :load "flashpoint" :deps []
[Debug] :load "flashpoint" :deps []
[Debug] :load "flashpoint" :deps []
[Debug] :load "flashpoint" :deps []
[Debug] :load "flashpoint" :deps []
[Debug] :load "flashpoint" :deps []
[Debug] :load "flashpoint" :deps []
[Debug] :load "flashpoint" :deps []
[Debug] :load "flashpoint" :deps []
[Debug] :load "flashpoint" :deps []
[Debug] :load "flashpoint" :deps []
[Debug] :load "flashpoint" :deps []
[Debug] :load "flashpoint" :deps []
[Debug] :load "flashpoint" :deps []
[Debug] :load "flashpoint" :deps []
[Debug] :load "flashpoint" :deps []
[Debug] :load "flashpoint" :deps []
[Debug] :load "flashpoint" :deps []
[Debug] :load "flashpoint" :deps []
[Debug] :load "flashpoint" :deps []
[Debug] :load "flashpoint" :deps []
[Debug] :load "flashpoint" :deps []
[Debug] :load "flashpoint" :deps []
[Debug] :load "flashpoint" :deps []
[Debug] :load "flashpoint" :deps []
[Debug] :load "flashpoint" :deps []
[Debug] :load "flashpoint" :deps []
[Debug] :load "flashpoint" :deps []
[Debug] :load "flashpoint" :deps []
[Debug] :load "flashpoint" :deps []
[Debug] :load "flashpoint" :deps []
[Debug] :load "flashpoint" :deps []
[Debug] :load "flashpoint" :deps []
[Debug] :load "flashpoint" :deps []
[Debug] :load "flashpoint" :deps []
[Debug] :load "flashpoint" :deps []
[Debug] :load "flashpoint" :deps []
[Debug] :load "flashpoint" :deps []
[Debug] :load "flashpoint" :deps []
[Debug] :load "flashpoint" :deps []
[Debug] :load "flashpoint" :deps []
[Debug] :load "flashpoint" :deps []
[Debug] :load "flashpoint" :deps []
[Debug] :load "flashpoint" :deps []
[Debug] :load "flashpoint" :deps []
[Debug] :load "flashpoint" :deps []
[Debug] :load "flashpoint" :deps []
[Debug] :load "flashpoint" :deps []
[Debug] :load "flashpoint" :deps []
[Debug] :load "flashpoint" :deps []
[Debug] :load "flashpoint" :deps []
[Debug] :load "flashpoint" :deps []
[Debug] :load "flashpoint" :deps []
[Debug] :load "flashpoint" :deps []
[Debug] :load "flashpoint" :deps []
[Debug] :load "flashpoint" :deps []
[Debug] :load "flashpoint" :deps []
[Debug] :load "flashpoint" :deps []
[Debug] :load "flashpoint" :deps []
[Debug] :load "flashpoint" :deps []
[Debug] :load "flashpoint" :deps []
[Debug] :load "flashpoint" :deps []
[Debug] :load "flashpoint" :deps []
[Debug] :load "flashpoint" :deps []
[Debug] :load "flashpoint" :deps []
[Debug] :load "flashpoint" :deps []
[Debug] :load "flashpoint" :deps []
[Debug] :load "flashpoint" :deps []
[Debug] :load "flashpoint" :deps []
[Debug] :load "urbanwarfare" :deps []
[Debug] :load "urbanwarfare" :deps []
[Debug] :load "urbanwarfare" :deps []
[Debug] :load "urbanwarfare" :deps []
[Debug] :load "urbanwarfare" :deps []
[Debug] :load "urbanwarfare" :deps []
[Debug] :load "urbanwarfare" :deps []
[Debug] :load "urbanwarfare" :deps []
[Debug] :load "urbanwarfare" :deps []
[Debug] :load "urbanwarfare" :deps []
[Debug] :load "urbanwarfare" :deps []
[Debug] :load "urbanwarfare" :deps []
[Debug] :load "urbanwarfare" :deps []
[Debug] :load "urbanwarfare" :deps []
[Debug] :load "urbanwarfare" :deps []
[Debug] :load "urbanwarfare" :deps []
[Debug] :load "urbanwarfare" :deps []
[Debug] :load "urbanwarfare" :deps []
[Debug] :load "urbanwarfare" :deps []
[Debug] :load "urbanwarfare" :deps []
[Debug] :load "urbanwarfare" :deps []
[Debug] :load "urbanwarfare" :deps []
[Debug] :load "urbanwarfare" :deps []
[Debug] :load "urbanwarfare" :deps []
[Debug] :load "urbanwarfare" :deps []
[Debug] :load "urbanwarfare" :deps []
[Debug] :load "urbanwarfare" :deps []
[Debug] :load "urbanwarfare" :deps []
[Debug] :load "urbanwarfare" :deps []
[Debug] :load "urbanwarfare" :deps []
[Debug] :load "urbanwarfare" :deps []
[Debug] :load "heavymetal" :deps []
[Debug] :load "heavymetal" :deps []
[Debug] :load "heavymetal" :deps []
[Debug] :load "heavymetal" :deps []
[Debug] :load "heavymetal" :deps []
[Debug] :load "heavymetal" :deps []
[Debug] :load "heavymetal" :deps []
[Debug] :load "heavymetal" :deps []
[Debug] :load "heavymetal" :deps []
[Debug] :load "flashpoint" :deps []
[Debug] :load "flashpoint" :deps []
[Debug] :load "flashpoint" :deps []
[Debug] :load "flashpoint" :deps []
[Debug] :load "flashpoint" :deps []
[Debug] :load "flashpoint" :deps []
[Debug] :load "flashpoint" :deps []
[Debug] :load "flashpoint" :deps []
[Debug] :load "flashpoint" :deps []
[Debug] :load "flashpoint" :deps []
[Debug] :load "flashpoint" :deps []
[Debug] :load "flashpoint" :deps []
[Debug] :load "flashpoint" :deps []
[Debug] :load "flashpoint" :deps []
[Debug] :load "flashpoint" :deps []
[Debug] :load "flashpoint" :deps []
[Debug] :load "flashpoint" :deps []
[Debug] :load "flashpoint" :deps []
[Debug] :load "urbanwarfare" :deps []
[Debug] :load "urbanwarfare" :deps []
[Debug] :load "urbanwarfare" :deps []
[Debug] :load "urbanwarfare" :deps []
[Debug] :load "urbanwarfare" :deps []
[Debug] :load "urbanwarfare" :deps []
[Debug] :load "urbanwarfare" :deps []
[Debug] :load "urbanwarfare" :deps []
[Debug] :load "urbanwarfare" :deps []
[Debug] :load "urbanwarfare" :deps []
[Debug] :load "heavymetal" :deps []
[Debug] :load "heavymetal" :deps []
[Debug] :load "heavymetal" :deps []
[Debug] :load "heavymetal" :deps []
[Debug] :load "flashpoint" :deps []
[Debug] :load "flashpoint" :deps []
[Debug] :load "flashpoint" :deps []
[Debug] :load "flashpoint" :deps []
[Debug] :load "flashpoint" :deps []
[Debug] :load "urbanwarfare" :deps []
[Debug] :load "urbanwarfare" :deps []
[Debug] :load "heavymetal" :deps []
[Debug] :load "heavymetal" :deps []
[Debug] :load "heavymetal" :deps []
[Debug] :load "heavymetal" :deps []
[Debug] :load "heavymetal" :deps []
[Debug] :load "heavymetal" :deps []
[Debug] :load "heavymetal" :deps []
[Debug] :load "heavymetal" :deps []
[Debug] :load "heavymetal" :deps []
[Debug] :load "heavymetal" :deps []
[Debug] :load "heavymetal" :deps []
[Debug] :load "heavymetal" :deps []
[Debug] :load "heavymetal" :deps []
[Debug] :load "heavymetal" :deps []
[Debug] :load "heavymetal" :deps []
[Debug] :load "heavymetal" :deps []
[Debug] :load "heavymetal" :deps []
[Debug] :load "heavymetal" :deps []
[Debug] :load "heavymetal" :deps []
[Debug] :load "heavymetal" :deps []
[Debug] :load "heavymetal" :deps []
[Debug] :load "heavymetal" :deps []
[Debug] :load "urbanwarfare" :deps []
[Debug] :load "urbanwarfare" :deps []
[Debug] :load "chrprfmech_blackjackbase-001" :deps ["shaders","vfx"]
[Debug] :load "shaders" :deps []
[Debug] :load "chrprfmech_blackjackbase-001" :deps ["shaders","vfx"]
[Debug] :load "shaders" :deps []
[Debug] :load "shaders" :deps []
[Debug] :load "vfx" :deps ["shaders"]
[Debug] :load "chrprfmech_blackjackbase-001" :deps ["shaders","vfx"]
[Debug] :load "shaders" :deps []
[Debug] :load "chrprfmech_blackjackbase-001" :deps ["shaders","vfx"]
[Debug] :load "shaders" :deps []
[Debug] :load "chrprfmech_blackjackbase-001" :deps ["shaders","vfx"]
[Debug] :load "shaders" :deps []
[Debug] :load "chrprfmech_blackjackbase-001" :deps ["shaders","vfx"]
[Debug] :load "shaders" :deps []
[Debug] :load "chrprfmech_blackjackbase-001" :deps ["shaders","vfx"]
[Debug] :load "shaders" :deps []
[Debug] :load "chrprfmech_blackjackbase-001" :deps ["shaders","vfx"]
[Debug] :load "shaders" :deps []
[Debug] :load "chrprfmech_blackjackbase-001" :deps ["shaders","vfx"]
[Debug] :load "shaders" :deps []
[Debug] ShopTabLagFix: AddItemToInventory
[Debug] ShopTabLagFix: AddItemToInventory
[Debug] ShopTabLagFix: AddItemToInventory
[Debug] ShopTabLagFix: AddItemToInventory
[Debug] ShopTabLagFix: AddItemToInventory
[Debug] ShopTabLagFix: AddItemToInventory
[Debug] ShopTabLagFix: AddItemToInventory
[Debug] ShopTabLagFix: AddItemToInventory
[Debug] ShopTabLagFix: AddItemToInventory
[Debug] ShopTabLagFix: AddItemToInventory
[Debug] ShopTabLagFix: AddItemToInventory
[Debug] ShopTabLagFix: AddItemToInventory
[Debug] ShopTabLagFix: AddItemToInventory
[Debug] ShopTabLagFix: AddItemToInventory
[Debug] ShopTabLagFix: AddItemToInventory
[Debug] ShopTabLagFix: AddItemToInventory
[Debug] ShopTabLagFix: AddItemToInventory
[Debug] ShopTabLagFix: AddItemToInventory
[Debug] ShopTabLagFix: AddItemToInventory
[Debug] ShopTabLagFix: AddItemToInventory
[Debug] ShopTabLagFix: AddItemToInventory
[Debug] :load "vfx" :deps ["shaders"]
[Debug] :load "vfx" :deps ["shaders"]
[Debug] :load "vfx" :deps ["shaders"]
[Debug] :load "vfx" :deps ["shaders"]
[Debug] :load "vfx" :deps ["shaders"]
[Debug] :load "vfx" :deps ["shaders"]
[Debug] :load "vfx" :deps ["shaders"]
[Debug] :load "vfx" :deps ["shaders"]
[Debug] :load "vfx" :deps ["shaders"]
[Debug] :load "vfx" :deps ["shaders"]
[Debug] :load "vfx" :deps ["shaders"]
[Debug] :load "vfx" :deps ["shaders"]
[Debug] :load "vfx" :deps ["shaders"]
[Debug] :load "vfx" :deps ["shaders"]
[Debug] :load "vfx" :deps ["shaders"]
[Debug] :load "vfx" :deps ["shaders"]
[Debug] :load "vfx" :deps ["shaders"]
[Debug] :load "vfx" :deps ["shaders"]
[Debug] :load "vfx" :deps ["shaders"]
[Debug] :load "vfx" :deps ["shaders"]
[Debug] :load "vfx" :deps ["shaders"]
[Debug] :load "vfx" :deps ["shaders"]
[Debug] :load "vfx" :deps ["shaders"]
[Debug] :load "vfx" :deps ["shaders"]
[Debug] :load "vfx" :deps ["shaders"]
[Debug] :load "vfx" :deps ["shaders"]
[Debug] :load "vfx" :deps ["shaders"]
[Debug] :load "vfx" :deps ["shaders"]
[Debug] :load "vfx" :deps ["shaders"]
[Debug] :load "vfx" :deps ["shaders"]
[Debug] :load "vfx" :deps ["shaders"]
[Debug] :load "vfx" :deps ["shaders"]
[Debug] :load "vfx" :deps ["shaders"]
[Debug] :load "vfx" :deps ["shaders"]
[Debug] :load "vfx" :deps ["shaders"]
[Debug] :load "vfx" :deps ["shaders"]
[Debug] :load "vfx" :deps ["shaders"]
[Debug] :load "vfx" :deps ["shaders"]
[Debug] :load "vfx" :deps ["shaders"]
[Debug] :load "vfx" :deps ["shaders"]
[Debug] :load "vfx" :deps ["shaders"]
[Debug] :load "vfx" :deps ["shaders"]
[Debug] :load "vfx" :deps ["shaders"]
[Debug] :load "vfx" :deps ["shaders"]
[Debug] :load "vfx" :deps ["shaders"]
[Debug] :load "vfx" :deps ["shaders"]
[Debug] :load "vfx" :deps ["shaders"]
[Debug] :load "vfx" :deps ["shaders"]
[Debug] :load "vfx" :deps ["shaders"]
[Debug] :load "vfx" :deps ["shaders"]
[Debug] :load "vfx" :deps ["shaders"]
[Debug] :load "vfx" :deps ["shaders"]
[Info] (CL) LanceOverride::RequestLance :contract.Name The B Team :requestedDifficulty 1 :lanceDifficultyAdjustment 0 :contract.Difficulty 1
[Info] (CL) LanceOverride::RequestLance :contract.Name The B Team :requestedDifficulty 1 :lanceDifficultyAdjustment 0 :contract.Difficulty 1
[Info] (CL) LanceOverride::RequestLance :contract.Name The B Team :requestedDifficulty 1 :lanceDifficultyAdjustment 0 :contract.Difficulty 1
[Info] (CL) LanceOverride::RequestLance :contract.Name The B Team :requestedDifficulty 1 :lanceDifficultyAdjustment 0 :contract.Difficulty 1
[Info] (CL) LanceOverride::RequestLance :contract.Name The B Team :requestedDifficulty 1 :lanceDifficultyAdjustment 0 :contract.Difficulty 1
[Info] (CL) LanceOverride::RequestLance :contract.Name The B Team :requestedDifficulty 1 :lanceDifficultyAdjustment 0 :contract.Difficulty 1
[Debug] :load "weaponeffects" :deps ["shaders","vfx"]
[Debug] :load "weaponeffects" :deps ["shaders","vfx"]
[Debug] :load "weaponeffects" :deps ["shaders","vfx"]
[Debug] :load "weaponeffects" :deps ["shaders","vfx"]
[Debug] :load "weaponeffects" :deps ["shaders","vfx"]
[Debug] :load "chrprfmech_commandobase-001" :deps ["shaders","vfx"]
[Debug] :load "shaders" :deps []
[Debug] :load "weaponeffects" :deps ["shaders","vfx"]
[Debug] :load "weaponeffects" :deps ["shaders","vfx"]
[Debug] :load "weaponeffects" :deps ["shaders","vfx"]
[Debug] :load "weaponeffects" :deps ["shaders","vfx"]
[Debug] :load "weaponeffects" :deps ["shaders","vfx"]
[Debug] :load "weaponeffects" :deps ["shaders","vfx"]
[Debug] :load "chrprfmech_pantherbase-001" :deps ["shaders","vfx"]
[Debug] :load "shaders" :deps []
[Debug] :load "weaponeffects" :deps ["shaders","vfx"]
[Debug] :load "weaponeffects" :deps ["shaders","vfx"]
[Debug] :load "weaponeffects" :deps ["shaders","vfx"]
[Debug] :load "weaponeffects" :deps ["shaders","vfx"]
[Debug] :load "weaponeffects" :deps ["shaders","vfx"]
[Debug] :load "chrprfmech_urbiebase-001" :deps []
[Debug] :load "shaders" :deps []
[Debug] :load "weaponeffects" :deps ["shaders","vfx"]
[Debug] :load "weaponeffects" :deps ["shaders","vfx"]
[Debug] :load "weaponeffects" :deps ["shaders","vfx"]
[Debug] :load "weaponeffects" :deps ["shaders","vfx"]
[Debug] :load "weaponeffects" :deps ["shaders","vfx"]
[Debug] :load "chrprfmech_centurionbase-001" :deps ["shaders","vfx"]
[Debug] :load "shaders" :deps []
[Debug] :load "weaponeffects" :deps ["shaders","vfx"]
[Debug] :load "weaponeffects" :deps ["shaders","vfx"]
[Debug] :load "weaponeffects" :deps ["shaders","vfx"]
[Debug] :load "weaponeffects" :deps ["shaders","vfx"]
[Debug] :load "weaponeffects" :deps ["shaders","vfx"]
[Debug] :load "weaponeffects" :deps ["shaders","vfx"]
[Debug] :load "weaponeffects" :deps ["shaders","vfx"]
[Debug] :load "chrprfmech_blackjackbase-001" :deps ["shaders","vfx"]
[Debug] :load "shaders" :deps []
[Debug] :load "weaponeffects" :deps ["shaders","vfx"]
[Debug] :load "weaponeffects" :deps ["shaders","vfx"]
[Debug] :load "weaponeffects" :deps ["shaders","vfx"]
[Debug] :load "weaponeffects" :deps ["shaders","vfx"]
[Debug] :load "weaponeffects" :deps ["shaders","vfx"]
[Debug] :load "weaponeffects" :deps ["shaders","vfx"]
[Debug] :load "weaponeffects" :deps ["shaders","vfx"]
[Debug] :load "weaponeffects" :deps ["shaders","vfx"]
[Debug] :load "weaponeffects" :deps ["shaders","vfx"]
[Debug] :load "chrprfvhcl_leopard" :deps ["shaders"]
[Debug] :load "shaders" :deps []
[Debug] :load "chrprfvhcl_leopard" :deps ["shaders"]
[Debug] :load "shaders" :deps []
[Debug] :load "chrprfvhcl_leopard" :deps ["shaders"]
[Debug] :load "shaders" :deps []
[Debug] :load "chrprfmech_spiderbase-001" :deps ["shaders","vfx"]
[Debug] :load "shaders" :deps []
[Debug] :load "chrprfmech_spiderbase-001" :deps ["shaders","vfx"]
[Debug] :load "shaders" :deps []
[Debug] :load "chrprfmech_spiderbase-001" :deps ["shaders","vfx"]
[Debug] :load "shaders" :deps []
[Debug] :load "chrprfvhcl_demolisher" :deps ["shaders"]
[Debug] :load "shaders" :deps []
[Debug] :load "chrprfvhcl_demolisher" :deps ["shaders"]
[Debug] :load "shaders" :deps []
[Debug] :load "chrprfvhcl_demolisher" :deps ["shaders"]
[Debug] :load "shaders" :deps []
[Debug] :load "abilitybuttonicons" :deps []
[Debug] :load "abilitybuttonicons" :deps []
[Debug] :load "abilitybuttonicons" :deps []
[Debug] :load "abilitybuttonicons" :deps []
[Debug] :load "abilitybuttonicons" :deps []
[Debug] :load "abilitybuttonicons" :deps []
[Debug] :load "abilitybuttonicons" :deps []
[Debug] :load "abilitybuttonicons" :deps []
[Debug] :load "abilitybuttonicons" :deps []
[Debug] :load "abilitybuttonicons" :deps []
[Debug] :load "abilitybuttonicons" :deps []
[Debug] :load "abilitybuttonicons" :deps []
[Debug] :load "abilitybuttonicons" :deps []
[Debug] :load "abilitybuttonicons" :deps []
[Debug] :load "abilitybuttonicons" :deps []
[Debug] :load "abilitybuttonicons" :deps []
[Debug] :load "abilitybuttonicons" :deps []
[Debug] :load "abilitybuttonicons" :deps []
[Debug] :load "abilitybuttonicons" :deps []
[Debug] :load "chrprfmech_commandobase-001" :deps ["shaders","vfx"]
[Debug] :load "shaders" :deps []
[Debug] :load "chrprfmech_commandobase-001" :deps ["shaders","vfx"]
[Debug] :load "shaders" :deps []
[Debug] :load "weaponeffects" :deps ["shaders","vfx"]
[Debug] :load "weaponeffects" :deps ["shaders","vfx"]
[Debug] :load "weaponeffects" :deps ["shaders","vfx"]
[Debug] :load "weaponeffects" :deps ["shaders","vfx"]
[Debug] :load "weaponeffects" :deps ["shaders","vfx"]
[Debug] :load "weaponeffects" :deps ["shaders","vfx"]
[Debug] :load "chrprfmech_commandobase-001" :deps ["shaders","vfx"]
[Debug] :load "shaders" :deps []
[Debug] :load "chrprfmech_commandobase-001" :deps ["shaders","vfx"]
[Debug] :load "shaders" :deps []
[Debug] :load "chrprfmech_commandobase-001" :deps ["shaders","vfx"]
[Debug] :load "shaders" :deps []
[Debug] :load "weaponeffects" :deps ["shaders","vfx"]
[Debug] :load "weaponeffects" :deps ["shaders","vfx"]
[Debug] :load "weaponeffects" :deps ["shaders","vfx"]
[Debug] :load "chrprfmech_commandobase-001" :deps ["shaders","vfx"]
[Debug] :load "shaders" :deps []
[Debug] :load "chrprfmech_commandobase-001" :deps ["shaders","vfx"]
[Debug] :load "shaders" :deps []
[Debug] :load "chrprfmech_commandobase-001" :deps ["shaders","vfx"]
[Debug] :load "shaders" :deps []
[Debug] :load "chrprfmech_commandobase-001" :deps ["shaders","vfx"]
[Debug] :load "shaders" :deps []
[Debug] :load "chrprfmech_commandobase-001" :deps ["shaders","vfx"]
[Debug] :load "shaders" :deps []
[Debug] :load "chrprfmech_commandobase-001" :deps ["shaders","vfx"]
[Debug] :load "shaders" :deps []
[Debug] :load "chrprfmech_commandobase-001" :deps ["shaders","vfx"]
[Debug] :load "shaders" :deps []
[Debug] :load "chrprfmech_commandobase-001" :deps ["shaders","vfx"]
[Debug] :load "shaders" :deps []
[Debug] :load "chrprfmech_pantherbase-001" :deps ["shaders","vfx"]
[Debug] :load "shaders" :deps []
[Debug] :load "chrprfmech_pantherbase-001" :deps ["shaders","vfx"]
[Debug] :load "shaders" :deps []
[Debug] :load "weaponeffects" :deps ["shaders","vfx"]
[Debug] :load "chrprfmech_pantherbase-001" :deps ["shaders","vfx"]
[Debug] :load "shaders" :deps []
[Debug] :load "chrprfmech_pantherbase-001" :deps ["shaders","vfx"]
[Debug] :load "shaders" :deps []
[Debug] :load "chrprfmech_pantherbase-001" :deps ["shaders","vfx"]
[Debug] :load "shaders" :deps []
[Debug] :load "chrprfmech_pantherbase-001" :deps ["shaders","vfx"]
[Debug] :load "shaders" :deps []
[Debug] :load "chrprfmech_pantherbase-001" :deps ["shaders","vfx"]
[Debug] :load "shaders" :deps []
[Debug] :load "chrprfmech_urbiebase-001" :deps []
[Debug] :load "shaders" :deps []
[Debug] :load "chrprfmech_urbiebase-001" :deps []
[Debug] :load "shaders" :deps []
[Debug] :load "weaponeffects" :deps ["shaders","vfx"]
[Debug] :load "weaponeffects" :deps ["shaders","vfx"]
[Debug] :load "chrprfmech_urbiebase-001" :deps []
[Debug] :load "shaders" :deps []
[Debug] :load "chrprfmech_urbiebase-001" :deps []
[Debug] :load "shaders" :deps []
[Debug] :load "chrprfmech_urbiebase-001" :deps []
[Debug] :load "shaders" :deps []
[Debug] :load "chrprfmech_urbiebase-001" :deps []
[Debug] :load "shaders" :deps []
[Debug] :load "chrprfmech_urbiebase-001" :deps []
[Debug] :load "shaders" :deps []
[Debug] :load "chrprfvhcl_goblinbase" :deps []
[Debug] :load "shaders" :deps []
[Debug] :load "weaponeffects" :deps ["shaders","vfx"]
[Debug] :load "weaponeffects" :deps ["shaders","vfx"]
[Debug] :load "weaponeffects" :deps ["shaders","vfx"]
[Debug] :load "weaponeffects" :deps ["shaders","vfx"]
[Debug] :load "weaponeffects" :deps ["shaders","vfx"]
[Debug] :load "weaponeffects" :deps ["shaders","vfx"]
[Debug] :load "weaponeffects" :deps ["shaders","vfx"]
[Debug] :load "weaponeffects" :deps ["shaders","vfx"]
[Debug] :load "chrprfvhcl_goblinbase" :deps []
[Debug] :load "shaders" :deps []
[Debug] :load "chrprfvhcl_goblinbase" :deps []
[Debug] :load "shaders" :deps []
[Debug] :load "chrprfvhcl_goblinbase" :deps []
[Debug] :load "shaders" :deps []
[Debug] :load "chrprfvhcl_goblinbase" :deps []
[Debug] :load "shaders" :deps []
[Debug] :load "chrprfvhcl_goblinbase" :deps []
[Debug] :load "shaders" :deps []
[Debug] :load "chrprfvhcl_goblinbase" :deps []
[Debug] :load "shaders" :deps []
[Debug] :load "chrprfvhcl_goblinbase" :deps []
[Debug] :load "shaders" :deps []
[Debug] :load "chrprfvhcl_striker" :deps ["shaders"]
[Debug] :load "shaders" :deps []
[Debug] :load "weaponeffects" :deps ["shaders","vfx"]
[Debug] :load "weaponeffects" :deps ["shaders","vfx"]
[Debug] :load "chrprfvhcl_striker" :deps ["shaders"]
[Debug] :load "shaders" :deps []
[Debug] :load "chrprfvhcl_striker" :deps ["shaders"]
[Debug] :load "shaders" :deps []
[Debug] :load "weaponeffects" :deps ["shaders","vfx"]
[Debug] :load "weaponeffects" :deps ["shaders","vfx"]
[Debug] :load "weaponeffects" :deps ["shaders","vfx"]
[Debug] :load "weaponeffects" :deps ["shaders","vfx"]
[Debug] :load "weaponeffects" :deps ["shaders","vfx"]
[Debug] :load "chrprfvhcl_striker" :deps ["shaders"]
[Debug] :load "shaders" :deps []
[Debug] :load "chrprfvhcl_striker" :deps ["shaders"]
[Debug] :load "shaders" :deps []
[Debug] :load "chrprfvhcl_striker" :deps ["shaders"]
[Debug] :load "shaders" :deps []
[Debug] :load "chrprfvhcl_striker" :deps ["shaders"]
[Debug] :load "shaders" :deps []
[Debug] :load "chrprfvhcl_striker" :deps ["shaders"]
[Debug] :load "shaders" :deps []
[Debug] :load "weaponeffects" :deps ["shaders","vfx"]
[Debug] :load "weaponeffects" :deps ["shaders","vfx"]
[Debug] :load "weaponeffects" :deps ["shaders","vfx"]
[Debug] :load "weaponeffects" :deps ["shaders","vfx"]
[Debug] :load "chrprfvhcl_striker" :deps ["shaders"]
[Debug] :load "shaders" :deps []
[Debug] :load "chrprfvhcl_striker" :deps ["shaders"]
[Debug] :load "shaders" :deps []
[Debug] :load "chrprfvhcl_striker" :deps ["shaders"]
[Debug] :load "shaders" :deps []
[Debug] :load "chrprfmech_wolfhoundbase-001" :deps []
[Debug] :load "shaders" :deps []
[Debug] :load "weaponeffects" :deps ["shaders","vfx"]
[Debug] :load "weaponeffects" :deps ["shaders","vfx"]
[Debug] :load "weaponeffects" :deps ["shaders","vfx"]
[Debug] :load "weaponeffects" :deps ["shaders","vfx"]
[Debug] :load "weaponeffects" :deps ["shaders","vfx"]
[Debug] :load "chrprfmech_firestarterbase-001" :deps ["shaders","vfx"]
[Debug] :load "shaders" :deps []
[Debug] :load "weaponeffects" :deps ["shaders","vfx"]
[Debug] :load "weaponeffects" :deps ["shaders","vfx"]
[Debug] :load "weaponeffects" :deps ["shaders","vfx"]
[Debug] :load "weaponeffects" :deps ["shaders","vfx"]
[Debug] :load "weaponeffects" :deps ["shaders","vfx"]
[Debug] :load "weaponeffects" :deps ["shaders","vfx"]
[Debug] :load "weaponeffects" :deps ["shaders","vfx"]
[Debug] :load "weaponeffects" :deps ["shaders","vfx"]
[Debug] :load "chrprfmech_stingerhotd-001" :deps []
[Debug] :load "shaders" :deps []
[Debug] :load "weaponeffects" :deps ["shaders","vfx"]
[Debug] :load "weaponeffects" :deps ["shaders","vfx"]
[Debug] :load "weaponeffects" :deps ["shaders","vfx"]
[Debug] :load "weaponeffects" :deps ["shaders","vfx"]
[Debug] :load "weaponeffects" :deps ["shaders","vfx"]
[Debug] :load "chrprfmech_locustbase-001" :deps ["shaders","vfx"]
[Debug] :load "shaders" :deps []
[Debug] :load "weaponeffects" :deps ["shaders","vfx"]
[Debug] :load "weaponeffects" :deps ["shaders","vfx"]
[Debug] :load "weaponeffects" :deps ["shaders","vfx"]
[Debug] :load "weaponeffects" :deps ["shaders","vfx"]
[Debug] :load "weaponeffects" :deps ["shaders","vfx"]
[Debug] :load "weaponeffects" :deps ["shaders","vfx"]
[Debug] :load "chrprfmech_hollanderbase-001" :deps []
[Debug] :load "shaders" :deps []
[Debug] :load "weaponeffects" :deps ["shaders","vfx"]
[Debug] :load "weaponeffects" :deps ["shaders","vfx"]
[Debug] :load "weaponeffects" :deps ["shaders","vfx"]
[Debug] :load "weaponeffects" :deps ["shaders","vfx"]
[Debug] :load "weaponeffects" :deps ["shaders","vfx"]
[Debug] :load "weaponeffects" :deps ["shaders","vfx"]
[Debug] :load "chrprfmech_centurionbase-001" :deps ["shaders","vfx"]
[Debug] :load "shaders" :deps []
[Debug] :load "chrprfmech_centurionbase-001" :deps ["shaders","vfx"]
[Debug] :load "shaders" :deps []
[Debug] :load "weaponeffects" :deps ["shaders","vfx"]
[Debug] :load "chrprfmech_centurionbase-001" :deps ["shaders","vfx"]
[Debug] :load "shaders" :deps []
[Debug] :load "chrprfmech_centurionbase-001" :deps ["shaders","vfx"]
[Debug] :load "shaders" :deps []
[Debug] :load "chrprfmech_centurionbase-001" :deps ["shaders","vfx"]
[Debug] :load "shaders" :deps []
[Debug] :load "chrprfmech_centurionbase-001" :deps ["shaders","vfx"]
[Debug] :load "shaders" :deps []
[Debug] :load "chrprfmech_centurionbase-001" :deps ["shaders","vfx"]
[Debug] :load "shaders" :deps []
[Debug] :load "chrprfmech_centurionbase-001" :deps ["shaders","vfx"]
[Debug] :load "shaders" :deps []
[Debug] :load "chrprfmech_centurionbase-001" :deps ["shaders","vfx"]
[Debug] :load "shaders" :deps []
[Debug] :load "chrprfmech_centurionbase-001" :deps ["shaders","vfx"]
[Debug] :load "shaders" :deps []
[Debug] :load "chrprfmech_centurionbase-001" :deps ["shaders","vfx"]
[Debug] :load "shaders" :deps []
[Debug] :load "chrprfmech_blackjackbase-001" :deps ["shaders","vfx"]
[Debug] :load "shaders" :deps []
[Debug] :load "weaponeffects" :deps ["shaders","vfx"]
[Debug] :load "weaponeffects" :deps ["shaders","vfx"]
[Debug] :load "weaponeffects" :deps ["shaders","vfx"]
[Debug] :load "weaponeffects" :deps ["shaders","vfx"]
[Debug] :load "weaponeffects" :deps ["shaders","vfx"]
[Debug] :load "weaponeffects" :deps ["shaders","vfx"]
[Debug] :load "weaponeffects" :deps ["shaders","vfx"]
[Debug] :load "weaponeffects" :deps ["shaders","vfx"]
[Debug] :load "chrprfvhcl_goblinbase" :deps []
[Debug] :load "shaders" :deps []
[Debug] :load "chrprfvhcl_goblinbase" :deps []
[Debug] :load "shaders" :deps []
[Debug] :load "weaponeffects" :deps ["shaders","vfx"]
[Debug] :load "chrprfvhcl_goblinbase" :deps []
[Debug] :load "shaders" :deps []
[Debug] :load "chrprfvhcl_goblinbase" :deps []
[Debug] :load "shaders" :deps []
[Debug] :load "chrprfvhcl_goblinbase" :deps []
[Debug] :load "shaders" :deps []
[Debug] :load "chrprfvhcl_striker" :deps ["shaders"]
[Debug] :load "shaders" :deps []
[Debug] :load "chrprfvhcl_striker" :deps ["shaders"]
[Debug] :load "shaders" :deps []
[Debug] :load "weaponeffects" :deps ["shaders","vfx"]
[Debug] :load "chrprfvhcl_striker" :deps ["shaders"]
[Debug] :load "shaders" :deps []
[Debug] :load "chrprfvhcl_striker" :deps ["shaders"]
[Debug] :load "shaders" :deps []
[Debug] :load "chrprfvhcl_striker" :deps ["shaders"]
[Debug] :load "shaders" :deps []
[Debug] :load "weaponeffects" :deps ["shaders","vfx"]
[Debug] :load "weaponeffects" :deps ["shaders","vfx"]
[Debug] :load "weaponeffects" :deps ["shaders","vfx"]
[Debug] :load "weaponeffects" :deps ["shaders","vfx"]
[Debug] :load "chrprfmech_wolfhoundbase-001" :deps []
[Debug] :load "shaders" :deps []
[Debug] :load "chrprfmech_wolfhoundbase-001" :deps []
[Debug] :load "shaders" :deps []
[Debug] :load "weaponeffects" :deps ["shaders","vfx"]
[Debug] :load "chrprfmech_wolfhoundbase-001" :deps []
[Debug] :load "shaders" :deps []
[Debug] :load "chrprfmech_wolfhoundbase-001" :deps []
[Debug] :load "shaders" :deps []
[Debug] :load "chrprfmech_wolfhoundbase-001" :deps []
[Debug] :load "shaders" :deps []
[Debug] :load "chrprfmech_wolfhoundbase-001" :deps []
[Debug] :load "shaders" :deps []
[Debug] :load "chrprfmech_wolfhoundbase-001" :deps []
[Debug] :load "shaders" :deps []
[Debug] :load "chrprfmech_firestarterbase-001" :deps ["shaders","vfx"]
[Debug] :load "shaders" :deps []
[Debug] :load "chrprfmech_firestarterbase-001" :deps ["shaders","vfx"]
[Debug] :load "shaders" :deps []
[Debug] :load "weaponeffects" :deps ["shaders","vfx"]
[Debug] :load "weaponeffects" :deps ["shaders","vfx"]
[Debug] :load "chrprfmech_firestarterbase-001" :deps ["shaders","vfx"]
[Debug] :load "shaders" :deps []
[Debug] :load "chrprfmech_firestarterbase-001" :deps ["shaders","vfx"]
[Debug] :load "shaders" :deps []
[Debug] :load "chrprfmech_firestarterbase-001" :deps ["shaders","vfx"]
[Debug] :load "shaders" :deps []
[Debug] :load "chrprfmech_firestarterbase-001" :deps ["shaders","vfx"]
[Debug] :load "shaders" :deps []
[Debug] :load "chrprfmech_firestarterbase-001" :deps ["shaders","vfx"]
[Debug] :load "shaders" :deps []
[Debug] :load "chrprfmech_firestarterbase-001" :deps ["shaders","vfx"]
[Debug] :load "shaders" :deps []
[Debug] :load "chrprfmech_firestarterbase-001" :deps ["shaders","vfx"]
[Debug] :load "shaders" :deps []
[Debug] :load "chrprfmech_firestarterbase-001" :deps ["shaders","vfx"]
[Debug] :load "shaders" :deps []
[Debug] :load "chrprfmech_firestarterbase-001" :deps ["shaders","vfx"]
[Debug] :load "shaders" :deps []
[Debug] :load "chrprfmech_firestarterbase-001" :deps ["shaders","vfx"]
[Debug] :load "shaders" :deps []
[Debug] :load "chrprfmech_firestarterbase-001" :deps ["shaders","vfx"]
[Debug] :load "shaders" :deps []
[Debug] :load "chrprfmech_stingerhotd-001" :deps []
[Debug] :load "shaders" :deps []
[Debug] :load "chrprfmech_stingerhotd-001" :deps []
[Debug] :load "shaders" :deps []
[Debug] :load "chrprfmech_stingerhotd-001" :deps []
[Debug] :load "shaders" :deps []
[Debug] :load "chrprfmech_stingerhotd-001" :deps []
[Debug] :load "shaders" :deps []
[Debug] :load "chrprfmech_stingerhotd-001" :deps []
[Debug] :load "shaders" :deps []
[Debug] :load "chrprfmech_stingerhotd-001" :deps []
[Debug] :load "shaders" :deps []
[Debug] :load "chrprfmech_stingerhotd-001" :deps []
[Debug] :load "shaders" :deps []
[Debug] :load "chrprfmech_locustbase-001" :deps ["shaders","vfx"]
[Debug] :load "shaders" :deps []
[Debug] :load "chrprfmech_locustbase-001" :deps ["shaders","vfx"]
[Debug] :load "shaders" :deps []
[Debug] :load "weaponeffects" :deps ["shaders","vfx"]
[Debug] :load "chrprfmech_locustbase-001" :deps ["shaders","vfx"]
[Debug] :load "shaders" :deps []
[Debug] :load "chrprfmech_locustbase-001" :deps ["shaders","vfx"]
[Debug] :load "shaders" :deps []
[Debug] :load "chrprfmech_locustbase-001" :deps ["shaders","vfx"]
[Debug] :load "shaders" :deps []
[Debug] :load "chrprfmech_locustbase-001" :deps ["shaders","vfx"]
[Debug] :load "shaders" :deps []
[Debug] :load "chrprfmech_locustbase-001" :deps ["shaders","vfx"]
[Debug] :load "shaders" :deps []
[Debug] :load "chrprfmech_locustbase-001" :deps ["shaders","vfx"]
[Debug] :load "shaders" :deps []
[Debug] :load "chrprfmech_locustbase-001" :deps ["shaders","vfx"]
[Debug] :load "shaders" :deps []
[Debug] :load "chrprfmech_hollanderbase-001" :deps []
[Debug] :load "shaders" :deps []
[Debug] :load "chrprfmech_hollanderbase-001" :deps []
[Debug] :load "shaders" :deps []
[Debug] :load "weaponeffects" :deps ["shaders","vfx"]
[Debug] :load "chrprfmech_hollanderbase-001" :deps []
[Debug] :load "shaders" :deps []
[Debug] :load "chrprfmech_hollanderbase-001" :deps []
[Debug] :load "shaders" :deps []
[Debug] :load "chrprfmech_hollanderbase-001" :deps []
[Debug] :load "shaders" :deps []
[Debug] :load "chrprfmech_hollanderbase-001" :deps []
[Debug] :load "shaders" :deps []
[Debug] :load "chrprfmech_hollanderbase-001" :deps []
[Debug] :load "shaders" :deps []
[Debug] :load "weaponeffects" :deps ["shaders","vfx"]
[Debug] :load "weaponeffects" :deps ["shaders","vfx"]
[Debug] :load "weaponeffects" :deps ["shaders","vfx"]
[Debug] :load "weaponeffects" :deps ["shaders","vfx"]
[Debug] :load "weaponeffects" :deps ["shaders","vfx"]
[Debug] :load "weaponeffects" :deps ["shaders","vfx"]
[Debug] :load "weaponeffects" :deps ["shaders","vfx"]
[Debug] :load "weaponeffects" :deps ["shaders","vfx"]
[Debug] :load "chrprftrt_turretlightsniper" :deps ["shaders"]
[Debug] :load "shaders" :deps []
[Debug] :load "chrprftrt_turretlightsniper" :deps ["shaders"]
[Debug] :load "shaders" :deps []
[Debug] :load "chrprftrt_turretlightsniper" :deps ["shaders"]
[Debug] :load "shaders" :deps []
[Debug] :load "chrprftrt_turretlightlrm" :deps ["shaders"]
[Debug] :load "shaders" :deps []
[Debug] :load "chrprftrt_turretlightlrm" :deps ["shaders"]
[Debug] :load "shaders" :deps []
[Debug] :load "chrprftrt_turretlightlrm" :deps ["shaders"]
[Debug] :load "shaders" :deps []
[Debug] :load "chrprftrt_turretlightshredder" :deps ["shaders"]
[Debug] :load "shaders" :deps []
[Debug] :load "chrprftrt_turretlightshredder" :deps ["shaders"]
[Debug] :load "shaders" :deps []
[Debug] :load "vfx" :deps ["shaders"]
[Debug] :load "chrprftrt_turretlightshredder" :deps ["shaders"]
[Debug] :load "shaders" :deps []
[Debug] :load "weaponeffects" :deps ["shaders","vfx"]
[Debug] :load "weaponeffects" :deps ["shaders","vfx"]
[Debug] :load "chrprfmech_spiderbase-001" :deps ["shaders","vfx"]
[Debug] :load "shaders" :deps []
[Debug] :load "vfx" :deps ["shaders"]
[Debug] :load "chrprfmech_spiderbase-001" :deps ["shaders","vfx"]
[Debug] :load "shaders" :deps []
[Debug] :load "chrprfmech_spiderbase-001" :deps ["shaders","vfx"]
[Debug] :load "shaders" :deps []
[Debug] :load "chrprfmech_spiderbase-001" :deps ["shaders","vfx"]
[Debug] :load "shaders" :deps []
[Debug] :load "chrprfmech_spiderbase-001" :deps ["shaders","vfx"]
[Debug] :load "shaders" :deps []
[Debug] :load "chrprfmech_spiderbase-001" :deps ["shaders","vfx"]
[Debug] :load "shaders" :deps []
[Debug] :load "chrprfmech_commandobase-001" :deps ["shaders","vfx"]
[Debug] :load "shaders" :deps []
[Debug] :load "chrprfmech_commandobase-001" :deps ["shaders","vfx"]
[Debug] :load "shaders" :deps []
[Debug] :load "chrprfmech_commandobase-001" :deps ["shaders","vfx"]
[Debug] :load "shaders" :deps []
[Debug] :load "chrprfmech_pantherbase-001" :deps ["shaders","vfx"]
[Debug] :load "shaders" :deps []
[Debug] :load "chrprfmech_pantherbase-001" :deps ["shaders","vfx"]
[Debug] :load "shaders" :deps []
[Debug] :load "chrprfmech_pantherbase-001" :deps ["shaders","vfx"]
[Debug] :load "shaders" :deps []
[Debug] :load "chrprfmech_pantherbase-001" :deps ["shaders","vfx"]
[Debug] :load "shaders" :deps []
[Debug] :load "chrprfmech_pantherbase-001" :deps ["shaders","vfx"]
[Debug] :load "shaders" :deps []
[Debug] :load "chrprfmech_pantherbase-001" :deps ["shaders","vfx"]
[Debug] :load "shaders" :deps []
[Debug] :load "chrprfmech_urbiebase-001" :deps []
[Debug] :load "shaders" :deps []
[Debug] :load "chrprfmech_urbiebase-001" :deps []
[Debug] :load "shaders" :deps []
[Debug] :load "chrprfmech_centurionbase-001" :deps ["shaders","vfx"]
[Debug] :load "shaders" :deps []
[Debug] :load "chrprfmech_centurionbase-001" :deps ["shaders","vfx"]
[Debug] :load "shaders" :deps []
[Debug] :load "chrprfmech_centurionbase-001" :deps ["shaders","vfx"]
[Debug] :load "shaders" :deps []
[Debug] :load "chrprfmech_blackjackbase-001" :deps ["shaders","vfx"]
[Debug] :load "shaders" :deps []
[Debug] :load "chrprfmech_blackjackbase-001" :deps ["shaders","vfx"]
[Debug] :load "shaders" :deps []
[Debug] :load "chrprfmech_blackjackbase-001" :deps ["shaders","vfx"]
[Debug] :load "shaders" :deps []
[Debug] :load "chrprfmech_blackjackbase-001" :deps ["shaders","vfx"]
[Debug] :load "shaders" :deps []
[Debug] :load "weaponeffects" :deps ["shaders","vfx"]
[Debug] :load "weaponeffects" :deps ["shaders","vfx"]
[Debug] :load "weaponeffects" :deps ["shaders","vfx"]
[Debug] :load "weaponeffects" :deps ["shaders","vfx"]
[Debug] :load "weaponeffects" :deps ["shaders","vfx"]
[Debug] :load "chrprfmech_locustbase-001" :deps ["shaders","vfx"]
[Debug] :load "shaders" :deps []
[Debug] :load "chrprfmech_locustbase-001" :deps ["shaders","vfx"]
[Debug] :load "shaders" :deps []
[Debug] :load "chrprfmech_locustbase-001" :deps ["shaders","vfx"]
[Debug] :load "shaders" :deps []
[Debug] :load "chrprfmech_locustbase-001" :deps ["shaders","vfx"]
[Debug] :load "shaders" :deps []
[Debug] :load "weaponeffects" :deps ["shaders","vfx"]
[Debug] :load "weaponeffects" :deps ["shaders","vfx"]
[Debug] :load "weaponeffects" :deps ["shaders","vfx"]
[Debug] :load "weaponeffects" :deps ["shaders","vfx"]
[Debug] :load "weaponeffects" :deps ["shaders","vfx"]
[Debug] :load "weaponeffects" :deps ["shaders","vfx"]
[Debug] :load "weaponeffects" :deps ["shaders","vfx"]
[Debug] :load "weaponeffects" :deps ["shaders","vfx"]
[Debug] :load "chrprfmech_locustbase-001" :deps ["shaders","vfx"]
[Debug] :load "shaders" :deps []
[Debug] :load "chrprfmech_locustbase-001" :deps ["shaders","vfx"]
[Debug] :load "shaders" :deps []
[Debug] :load "chrprfmech_locustbase-001" :deps ["shaders","vfx"]
[Debug] :load "shaders" :deps []
[Debug] :load "chrprfmech_locustbase-001" :deps ["shaders","vfx"]
[Debug] :load "shaders" :deps []
[Debug] :load "weaponeffects" :deps ["shaders","vfx"]
[Debug] :load "weaponeffects" :deps ["shaders","vfx"]
[Debug] :load "weaponeffects" :deps ["shaders","vfx"]
[Debug] :load "chrprfmech_locustbase-001" :deps ["shaders","vfx"]
[Debug] :load "shaders" :deps []
[Debug] :load "chrprfmech_locustbase-001" :deps ["shaders","vfx"]
[Debug] :load "shaders" :deps []
[Debug] :load "chrprfmech_locustbase-001" :deps ["shaders","vfx"]
[Debug] :load "shaders" :deps []
[Debug] :load "weaponeffects" :deps ["shaders","vfx"]
[Debug] :load "weaponeffects" :deps ["shaders","vfx"]
[Debug] :load "weaponeffects" :deps ["shaders","vfx"]
[Debug] :load "weaponeffects" :deps ["shaders","vfx"]
[Debug] :load "weaponeffects" :deps ["shaders","vfx"]
[Debug] :load "chrprfmech_hollanderbase-001" :deps []
[Debug] :load "shaders" :deps []
[Debug] :load "chrprfmech_hollanderbase-001" :deps []
[Debug] :load "shaders" :deps []
[Debug] :load "chrprfmech_hollanderbase-001" :deps []
[Debug] :load "shaders" :deps []
[Debug] :load "weaponeffects" :deps ["shaders","vfx"]
[Debug] :load "weaponeffects" :deps ["shaders","vfx"]
[Debug] :load "weaponeffects" :deps ["shaders","vfx"]
[Debug] :load "weaponeffects" :deps ["shaders","vfx"]
[Debug] :load "weaponeffects" :deps ["shaders","vfx"]
[Debug] :load "weaponeffects" :deps ["shaders","vfx"]
[Debug] :load "weaponeffects" :deps ["shaders","vfx"]
[Debug] :load "weaponeffects" :deps ["shaders","vfx"]
[Debug] :load "chrprfmech_hollanderbase-001" :deps []
[Debug] :load "shaders" :deps []
[Debug] :load "chrprfmech_hollanderbase-001" :deps []
[Debug] :load "shaders" :deps []
[Debug] :load "chrprfmech_hollanderbase-001" :deps []
[Debug] :load "shaders" :deps []
[Debug] :load "weaponeffects" :deps ["shaders","vfx"]
[Debug] :load "weaponeffects" :deps ["shaders","vfx"]
[Debug] :load "weaponeffects" :deps ["shaders","vfx"]
[Debug] :load "chrprfmech_hollanderbase-001" :deps []
[Debug] :load "shaders" :deps []
[Debug] :load "chrprfmech_hollanderbase-001" :deps []
[Debug] :load "shaders" :deps []
[Debug] :load "chrprfmech_hollanderbase-001" :deps []
[Debug] :load "shaders" :deps []
[Debug] :load "weaponeffects" :deps ["shaders","vfx"]
[Debug] :load "weaponeffects" :deps ["shaders","vfx"]
[Debug] :load "weaponeffects" :deps ["shaders","vfx"]
[Debug] :load "weaponeffects" :deps ["shaders","vfx"]
[Debug] :load "weaponeffects" :deps ["shaders","vfx"]
[Debug] :load "weaponeffects" :deps ["shaders","vfx"]
[Debug] :load "weaponeffects" :deps ["shaders","vfx"]
[Debug] :load "chrprfvhcl_goblinbase" :deps []
[Debug] :load "shaders" :deps []
[Debug] :load "chrprfvhcl_goblinbase" :deps []
[Debug] :load "shaders" :deps []
[Debug] :load "chrprfvhcl_goblinbase" :deps []
[Debug] :load "shaders" :deps []
[Debug] :load "chrprfvhcl_goblinbase" :deps []
[Debug] :load "shaders" :deps []
[Debug] :load "chrprfvhcl_goblinbase" :deps []
[Debug] :load "shaders" :deps []
[Debug] :load "chrprfvhcl_goblinbase" :deps []
[Debug] :load "shaders" :deps []
[Debug] :load "chrprfvhcl_goblinbase" :deps []
[Debug] :load "shaders" :deps []
[Debug] :load "chrprfvhcl_goblinbase" :deps []
[Debug] :load "shaders" :deps []
[Debug] :load "weaponeffects" :deps ["shaders","vfx"]
[Debug] :load "weaponeffects" :deps ["shaders","vfx"]
[Debug] :load "chrprfvhcl_striker" :deps ["shaders"]
[Debug] :load "shaders" :deps []
[Debug] :load "chrprfvhcl_striker" :deps ["shaders"]
[Debug] :load "shaders" :deps []
[Debug] :load "weaponeffects" :deps ["shaders","vfx"]
[Debug] :load "weaponeffects" :deps ["shaders","vfx"]
[Debug] :load "weaponeffects" :deps ["shaders","vfx"]
[Debug] :load "weaponeffects" :deps ["shaders","vfx"]
[Debug] :load "weaponeffects" :deps ["shaders","vfx"]
[Debug] :load "chrprfvhcl_striker" :deps ["shaders"]
[Debug] :load "shaders" :deps []
[Debug] :load "chrprfvhcl_striker" :deps ["shaders"]
[Debug] :load "shaders" :deps []
[Debug] :load "chrprfvhcl_striker" :deps ["shaders"]
[Debug] :load "shaders" :deps []
[Debug] :load "chrprfvhcl_striker" :deps ["shaders"]
[Debug] :load "shaders" :deps []
[Debug] :load "chrprfvhcl_striker" :deps ["shaders"]
[Debug] :load "shaders" :deps []
[Debug] :load "weaponeffects" :deps ["shaders","vfx"]
[Debug] :load "weaponeffects" :deps ["shaders","vfx"]
[Debug] :load "weaponeffects" :deps ["shaders","vfx"]
[Debug] :load "weaponeffects" :deps ["shaders","vfx"]
[Debug] :load "chrprfvhcl_striker" :deps ["shaders"]
[Debug] :load "shaders" :deps []
[Debug] :load "chrprfvhcl_striker" :deps ["shaders"]
[Debug] :load "shaders" :deps []
[Debug] :load "chrprfvhcl_striker" :deps ["shaders"]
[Debug] :load "shaders" :deps []
[Debug] :load "chrprfvhcl_striker" :deps ["shaders"]
[Debug] :load "shaders" :deps []
[Debug] :load "weaponeffects" :deps ["shaders","vfx"]
[Debug] :load "vfx" :deps ["shaders"]
[Debug] :load "vfx" :deps ["shaders"]
[Debug] :load "vfx" :deps ["shaders"]
[Debug] :load "vfx" :deps ["shaders"]
[Debug] :load "vfx" :deps ["shaders"]
[Debug] :load "vfx" :deps ["shaders"]
[Debug] :load "vfx" :deps ["shaders"]
[Debug] :load "vfx" :deps ["shaders"]
[Debug] :load "vfx" :deps ["shaders"]
[Debug] :load "vfx" :deps ["shaders"]
[Debug] :load "vfx" :deps ["shaders"]
[Debug] :load "vfx" :deps ["shaders"]
[Debug] :load "vfx" :deps ["shaders"]
[Debug] :load "vfx" :deps ["shaders"]
[Debug] :load "vfx" :deps ["shaders"]
[Debug] :load "vfx" :deps ["shaders"]
[Debug] :load "weaponeffects" :deps ["shaders","vfx"]
[Debug] :load "vfx" :deps ["shaders"]
[Debug] :load "vfx" :deps ["shaders"]
[Debug] :load "vfx" :deps ["shaders"]
[Debug] :load "vfx" :deps ["shaders"]
[Debug] :load "vfx" :deps ["shaders"]
[Debug] :load "vfx" :deps ["shaders"]
[Debug] :load "vfx" :deps ["shaders"]
[Debug] :load "vfx" :deps ["shaders"]
[Debug] :load "vfx" :deps ["shaders"]
[Debug] :load "vfx" :deps ["shaders"]
[Debug] :load "vfx" :deps ["shaders"]
[Debug] :load "vfx" :deps ["shaders"]
[Debug] :load "vfx" :deps ["shaders"]
[Debug] :load "vfx" :deps ["shaders"]
[Debug] :load "vfx" :deps ["shaders"]
[Debug] :load "vfx" :deps ["shaders"]
[Debug] :load "vfx" :deps ["shaders"]
[Debug] :load "weaponeffects" :deps ["shaders","vfx"]
[Debug] :load "vfx" :deps ["shaders"]
[Debug] :load "vfx" :deps ["shaders"]
[Debug] :load "vfx" :deps ["shaders"]
[Debug] :load "weaponeffects" :deps ["shaders","vfx"]
[Debug] :load "vfx" :deps ["shaders"]
[Debug] :load "vfx" :deps ["shaders"]
[Debug] :load "vfx" :deps ["shaders"]
[Debug] :load "vfx" :deps ["shaders"]
[Debug] :load "vfx" :deps ["shaders"]
[Debug] :load "vfx" :deps ["shaders"]
[Debug] :load "vfx" :deps ["shaders"]
[Debug] :load "vfx" :deps ["shaders"]
[Debug] :load "vfx" :deps ["shaders"]
[Debug] :load "vfx" :deps ["shaders"]
[Debug] :load "vfx" :deps ["shaders"]
[Debug] :load "vfx" :deps ["shaders"]
[Debug] :load "vfx" :deps ["shaders"]
[Debug] :load "vfx" :deps ["shaders"]
[Debug] :load "vfx" :deps ["shaders"]
[Debug] :load "vfx" :deps ["shaders"]
[Debug] :load "vfx" :deps ["shaders"]
[Debug] :load "vfx" :deps ["shaders"]
[Debug] :load "vfx" :deps ["shaders"]
[Debug] :load "vfx" :deps ["shaders"]
[Debug] :load "vfx" :deps ["shaders"]
[Debug] :load "vfx" :deps ["shaders"]
[Debug] :load "vfx" :deps ["shaders"]
[Debug] :load "vfx" :deps ["shaders"]
[Debug] :load "vfx" :deps ["shaders"]
[Debug] :load "vfx" :deps ["shaders"]
[Debug] :load "vfx" :deps ["shaders"]
[Debug] :load "vfx" :deps ["shaders"]
[Debug] :load "vfx" :deps ["shaders"]
[Debug] :load "vfx" :deps ["shaders"]
[Debug] :load "vfx" :deps ["shaders"]
[Debug] :load "vfx" :deps ["shaders"]
[Debug] :load "vfx" :deps ["shaders"]
[Debug] :load "vfx" :deps ["shaders"]
[Debug] :load "vfx" :deps ["shaders"]
[Debug] :load "vfx" :deps ["shaders"]
[Debug] :load "vfx" :deps ["shaders"]
[Debug] :load "vfx" :deps ["shaders"]
[Debug] :load "vfx" :deps ["shaders"]
[Debug] :load "vfx" :deps ["shaders"]
[Debug] :load "vfx" :deps ["shaders"]
[Debug] :load "vfx" :deps ["shaders"]
[Debug] :load "weaponeffects" :deps ["shaders","vfx"]
[Debug] :load "weaponeffects" :deps ["shaders","vfx"]
[Debug] :load "weaponeffects" :deps ["shaders","vfx"]
[Debug] :load "weaponeffects" :deps ["shaders","vfx"]
[Debug] :load "weaponeffects" :deps ["shaders","vfx"]
[Debug] :load "weaponeffects" :deps ["shaders","vfx"]
[Debug] :load "weaponeffects" :deps ["shaders","vfx"]
[Debug] :load "chrprfmech_firestarterbase-001" :deps ["shaders","vfx"]
[Debug] :load "shaders" :deps []
[Debug] :load "chrprfmech_firestarterbase-001" :deps ["shaders","vfx"]
[Debug] :load "shaders" :deps []
[Debug] :load "chrprfmech_firestarterbase-001" :deps ["shaders","vfx"]
[Debug] :load "shaders" :deps []
[Debug] :load "chrprfmech_firestarterbase-001" :deps ["shaders","vfx"]
[Debug] :load "shaders" :deps []
[Debug] :load "chrprfmech_firestarterbase-001" :deps ["shaders","vfx"]
[Debug] :load "shaders" :deps []
[Debug] :load "chrprfmech_firestarterbase-001" :deps ["shaders","vfx"]
[Debug] :load "shaders" :deps []
[Debug] :load "weaponeffects" :deps ["shaders","vfx"]
[Debug] :load "weaponeffects" :deps ["shaders","vfx"]
[Debug] :load "weaponeffects" :deps ["shaders","vfx"]
[Debug] :load "weaponeffects" :deps ["shaders","vfx"]
[Debug] :load "weaponeffects" :deps ["shaders","vfx"]
[Debug] :load "weaponeffects" :deps ["shaders","vfx"]
[Debug] :load "weaponeffects" :deps ["shaders","vfx"]
[Debug] :load "weaponeffects" :deps ["shaders","vfx"]
[Debug] :load "weaponeffects" :deps ["shaders","vfx"]
[Debug] :load "weaponeffects" :deps ["shaders","vfx"]
[Debug] :load "chrprfmech_firestarterbase-001" :deps ["shaders","vfx"]
[Debug] :load "shaders" :deps []
[Debug] :load "chrprfmech_firestarterbase-001" :deps ["shaders","vfx"]
[Debug] :load "shaders" :deps []
[Debug] :load "chrprfmech_firestarterbase-001" :deps ["shaders","vfx"]
[Debug] :load "shaders" :deps []
[Debug] :load "chrprfmech_firestarterbase-001" :deps ["shaders","vfx"]
[Debug] :load "shaders" :deps []
[Debug] :load "chrprfmech_firestarterbase-001" :deps ["shaders","vfx"]
[Debug] :load "shaders" :deps []
[Debug] :load "chrprfmech_firestarterbase-001" :deps ["shaders","vfx"]
[Debug] :load "shaders" :deps []
[Debug] :load "weaponeffects" :deps ["shaders","vfx"]
[Debug] :load "weaponeffects" :deps ["shaders","vfx"]
[Debug] :load "weaponeffects" :deps ["shaders","vfx"]
[Debug] :load "chrprfmech_firestarterbase-001" :deps ["shaders","vfx"]
[Debug] :load "shaders" :deps []
[Debug] :load "chrprfmech_firestarterbase-001" :deps ["shaders","vfx"]
[Debug] :load "shaders" :deps []
[Debug] :load "chrprfmech_firestarterbase-001" :deps ["shaders","vfx"]
[Debug] :load "shaders" :deps []
[Debug] :load "chrprfmech_firestarterbase-001" :deps ["shaders","vfx"]
[Debug] :load "shaders" :deps []
[Debug] :load "weaponeffects" :deps ["shaders","vfx"]
[Debug] :load "weaponeffects" :deps ["shaders","vfx"]
[Debug] :load "weaponeffects" :deps ["shaders","vfx"]
[Debug] :load "weaponeffects" :deps ["shaders","vfx"]
[Debug] :load "chrprfmech_stingerhotd-001" :deps []
[Debug] :load "shaders" :deps []
[Debug] :load "chrprfmech_stingerhotd-001" :deps []
[Debug] :load "shaders" :deps []
[Debug] :load "chrprfmech_stingerhotd-001" :deps []
[Debug] :load "shaders" :deps []
[Debug] :load "weaponeffects" :deps ["shaders","vfx"]
[Debug] :load "weaponeffects" :deps ["shaders","vfx"]
[Debug] :load "weaponeffects" :deps ["shaders","vfx"]
[Debug] :load "weaponeffects" :deps ["shaders","vfx"]
[Debug] :load "weaponeffects" :deps ["shaders","vfx"]
[Debug] :load "weaponeffects" :deps ["shaders","vfx"]
[Debug] :load "weaponeffects" :deps ["shaders","vfx"]
[Debug] :load "chrprfmech_stingerhotd-001" :deps []
[Debug] :load "shaders" :deps []
[Debug] :load "chrprfmech_stingerhotd-001" :deps []
[Debug] :load "shaders" :deps []
[Debug] :load "chrprfmech_stingerhotd-001" :deps []
[Debug] :load "shaders" :deps []
[Debug] :load "weaponeffects" :deps ["shaders","vfx"]
[Debug] :load "weaponeffects" :deps ["shaders","vfx"]
[Debug] :load "weaponeffects" :deps ["shaders","vfx"]
[Debug] :load "chrprfmech_stingerhotd-001" :deps []
[Debug] :load "shaders" :deps []
[Debug] :load "chrprfmech_stingerhotd-001" :deps []
[Debug] :load "shaders" :deps []
[Debug] :load "chrprfmech_stingerhotd-001" :deps []
[Debug] :load "shaders" :deps []
[Debug] :load "chrprfmech_stingerhotd-001" :deps []
[Debug] :load "shaders" :deps []
[Debug] :load "chrprfmech_stingerhotd-001" :deps []
[Debug] :load "shaders" :deps []
[Debug] :load "chrprfmech_stingerhotd-001" :deps []
[Debug] :load "shaders" :deps []
[Debug] :load "vfx" :deps ["shaders"]
[Debug] :load "vfx" :deps ["shaders"]
[Debug] :load "vfx" :deps ["shaders"]
[Debug] :load "vfx" :deps ["shaders"]
[Debug] :load "vfx" :deps ["shaders"]
[Debug] :load "vfx" :deps ["shaders"]
[Debug] :load "vfx" :deps ["shaders"]
[Debug] :load "vfx" :deps ["shaders"]
[Debug] :load "vfx" :deps ["shaders"]
[Debug] :load "vfx" :deps ["shaders"]
[Debug] :load "vfx" :deps ["shaders"]
[Debug] :load "vfx" :deps ["shaders"]
[Debug] [LimitItems] Open Salvage screen
[Debug] HasAllPriority :negotiated 3 :available 0 :selected 0 :clamped 0
[Debug] HasAllPriority :negotiated 3 :available 36 :selected 0 :clamped 3
[Debug] HasAllPriority :negotiated 3 :available 36 :selected 0 :clamped 3
[Debug] HasAllPriority :negotiated 3 :available 36 :selected 0 :clamped 3
[Debug] HasAllPriority :negotiated 3 :available 36 :selected 1 :clamped 3
[Debug] HasAllPriority :negotiated 3 :available 36 :selected 1 :clamped 3
[Debug] HasAllPriority :negotiated 3 :available 36 :selected 2 :clamped 3
[Debug] HasAllPriority :negotiated 3 :available 36 :selected 2 :clamped 3
[Debug] HasAllPriority :negotiated 3 :available 36 :selected 3 :clamped 3
[Info] (CL) SimGameState::PrepContract(pre) :contract.Name Stealing is a Form of Flattery :contract.Difficulty 5 :GetDifficulty 5 :GlobalDifficulty 0 :ContractDifficultyVariance 1
[Info] (CL) SimGameState::PrepContract(post) :contract.Name Stealing is a Form of Flattery :contract.Difficulty 6 :contract.Override.finalDifficulty 6 :UIDifficulty 6
