2020-01-01 23:24:35.685 - Assembly version: 0.3.3.0
2020-01-01 23:24:35.685 - ModDir is:D:\Steam\steamapps\common\BATTLETECH\Mods\CBTBehaviorsEnhanced
2020-01-01 23:24:35.685 - mod.json settings are:({"Debug":true,"Trace":false,"ShutdownPercentages":[0.083,0.278,0.583,0.833],"AmmoExplosionPercentages":[0,0.083,0.278,0.583],"HeatToHitModifiers":[1,2,3,4],"UseGuts":false,"GutsDivisor":40,"OverheatedMovePenalty":[0.1,0.2,0.3,0.4],"PilotStabilityCheck":0.3,"ToHitSelfJumped":2,"Heat":{"Movement":{"15":1,"30":2,"45":3,"60":4,"75":5,"93":6,"111":7,"129":8,"147":9},"Firing":{"24":1,"39":2,"51":3,"72":4,"99":5,"123":6,"144":7},"Shutdown":{"42":0.1,"54":0.3,"66":0.6,"78":0.8,"90":0.9,"102":1.0,"114":1.1,"126":1.2,"138":1.3,"150":-1},"Explosion":{"57":0.1,"69":0.3,"84":0.5,"105":0.8,"120":0.95,"135":-1},"PilotInjury":{"84":0.3,"117":0.6,"141":0.8},"SystemFailures":{"108":0.3,"132":0.6},"PilotSkillMulti":0.05,"ShowLowOverheatAnim":42,"ShowExtremeOverheatAnim":90,"ShutdownFallThreshold":0.75}})
2020-01-01 23:24:35.686 - === MOD CONFIG BEGIN ===
2020-01-01 23:24:35.686 -   DEBUG: True Trace: False
2020-01-01 23:24:35.686 - === MOVEMENT OPTIONS ===
2020-01-01 23:24:35.686 - === HEAT OPTIONS ===
2020-01-01 23:24:35.686 - === MOD CONFIG END ===
2020-01-01 23:24:35.686 - INFO: No errors reading settings file.
2020-01-01 23:29:20.021 - AA:IES entered- setting CanShootAfterSprinting for actor:Spider
2020-01-01 23:29:20.059 - Setting overheat threshold to 42 and maxHeat to 150 for actor:Spider__390BFE8A
2020-01-01 23:30:37.858 - AA:IES entered- setting CanShootAfterSprinting for actor:Centurion
2020-01-01 23:30:37.864 - Setting overheat threshold to 42 and maxHeat to 150 for actor:Centurion_Disco Volante_7B9F1E30
2020-01-01 23:30:38.056 - AA:IES entered- setting CanShootAfterSprinting for actor:Avatar
2020-01-01 23:30:38.063 - Setting overheat threshold to 42 and maxHeat to 150 for actor:Avatar_Axle_EC1A10DE
2020-01-01 23:30:38.219 - AA:IES entered- setting CanShootAfterSprinting for actor:Axman
2020-01-01 23:30:38.224 - Setting overheat threshold to 42 and maxHeat to 150 for actor:Axman_Hellion_57245CBC
2020-01-01 23:30:38.794 - AA:IES entered- setting CanShootAfterSprinting for actor:Cyclops
2020-01-01 23:30:38.802 - Setting overheat threshold to 42 and maxHeat to 150 for actor:Cyclops_Scrub_BF79B444
2020-01-01 23:30:38.883 - AA:IES entered- setting CanShootAfterSprinting for actor:Enforcer III
2020-01-01 23:30:38.887 - Setting overheat threshold to 42 and maxHeat to 150 for actor:Enforcer III_Onyx_A8583A77
2020-01-01 23:30:39.005 - AA:IES entered- setting CanShootAfterSprinting for actor:Talos
2020-01-01 23:30:39.013 - Setting overheat threshold to 42 and maxHeat to 150 for actor:Talos_Corsair_E752595E
2020-01-01 23:30:39.212 - AA:IES entered- setting CanShootAfterSprinting for actor:Pegasus
2020-01-01 23:30:39.301 - AA:IES entered- setting CanShootAfterSprinting for actor:Clint
2020-01-01 23:30:39.306 - Setting overheat threshold to 42 and maxHeat to 150 for actor:Clint_Defender_8D597AEA
2020-01-01 23:30:39.457 - AA:IES entered- setting CanShootAfterSprinting for actor:Regulator
2020-01-01 23:30:39.471 - AA:IES entered- setting CanShootAfterSprinting for actor:UrbanMech
2020-01-01 23:30:39.472 - Setting overheat threshold to 42 and maxHeat to 150 for actor:UrbanMech_Tactician_76450C49
2020-01-01 23:30:45.733 -   Mech is legged, returning minimum move distance: 40
2020-01-01 23:30:45.753 -   Mech is legged, returning minimum move distance: 40
2020-01-01 23:30:52.635 - FOUND HEAT DISPLAY
2020-01-01 23:32:07.951 - T:GNAU invoked with null AA? False
2020-01-01 23:32:08.170 - Updating heat dialog for actor: Centurion_Disco Volante_7B9F1E30
2020-01-01 23:32:08.170 -   current values:  CurrentHeat: 0  ProjectedHeat: 0  TempHeat: 0
2020-01-01 23:32:08.170 -   currentHeat: 0  tempHeat: 0  projectedHeat: 5  sinkableHeat: -60  =  futureHeat: 0
2020-01-01 23:32:08.171 - Actor: Centurion_Disco Volante_7B9F1E30 has rawSkill: 10 normalized to 10
2020-01-01 23:32:08.171 -   AdjustedSkill: 10 = actorSkill: 10 - malus: 0.
2020-01-01 23:32:08.171 -   CheckMod: 0.5 = adjustedSkill: 10 * multi: 0.05
2020-01-01 23:32:08.173 -  Updated values: t:'Heat' / d:'Heat: 0 / 150
' / w:''
2020-01-01 23:32:14.769 - Updating heat dialog for actor: Centurion_Disco Volante_7B9F1E30
2020-01-01 23:32:14.769 -   current values:  CurrentHeat: 0  ProjectedHeat: 5  TempHeat: 0
2020-01-01 23:32:14.769 -   currentHeat: 0  tempHeat: 0  projectedHeat: 115  sinkableHeat: -60  =  futureHeat: 55
2020-01-01 23:32:14.769 - Actor: Centurion_Disco Volante_7B9F1E30 has rawSkill: 10 normalized to 10
2020-01-01 23:32:14.769 -   AdjustedSkill: 10 = actorSkill: 10 - malus: 0.
2020-01-01 23:32:14.769 -   CheckMod: 0.5 = adjustedSkill: 10 * multi: 0.05
2020-01-01 23:32:14.769 - Shutdown Threshold: 30.0 % vs. d100+50
2020-01-01 23:32:14.769 - Attack Modifier: -0
2020-01-01 23:32:14.769 - Movement Modifier: -0
2020-01-01 23:32:14.769 -  Updated values: t:'Heat' / d:'Heat: 55 / 150
Shutdown on d100+50 < 30.0 %' / w:''
2020-01-01 23:32:14.805 - Updating heat dialog for actor: Centurion_Disco Volante_7B9F1E30
2020-01-01 23:32:14.805 -   current values:  CurrentHeat: 0  ProjectedHeat: 115  TempHeat: 0
2020-01-01 23:32:14.805 -   currentHeat: 0  tempHeat: 0  projectedHeat: 12  sinkableHeat: -60  =  futureHeat: 0
2020-01-01 23:32:14.805 - Actor: Centurion_Disco Volante_7B9F1E30 has rawSkill: 10 normalized to 10
2020-01-01 23:32:14.805 -   AdjustedSkill: 10 = actorSkill: 10 - malus: 0.
2020-01-01 23:32:14.805 -   CheckMod: 0.5 = adjustedSkill: 10 * multi: 0.05
2020-01-01 23:32:14.805 -  Updated values: t:'Heat' / d:'Heat: 0 / 150
' / w:''
2020-01-01 23:32:16.076 - Updating heat dialog for actor: Centurion_Disco Volante_7B9F1E30
2020-01-01 23:32:16.076 -   current values:  CurrentHeat: 0  ProjectedHeat: 12  TempHeat: 0
2020-01-01 23:32:16.076 -   currentHeat: 0  tempHeat: 0  projectedHeat: 11  sinkableHeat: -60  =  futureHeat: 0
2020-01-01 23:32:16.076 - Actor: Centurion_Disco Volante_7B9F1E30 has rawSkill: 10 normalized to 10
2020-01-01 23:32:16.076 -   AdjustedSkill: 10 = actorSkill: 10 - malus: 0.
2020-01-01 23:32:16.076 -   CheckMod: 0.5 = adjustedSkill: 10 * multi: 0.05
2020-01-01 23:32:16.076 -  Updated values: t:'Heat' / d:'Heat: 0 / 150
' / w:''
2020-01-01 23:32:16.652 - Updating heat dialog for actor: Centurion_Disco Volante_7B9F1E30
2020-01-01 23:32:16.652 -   current values:  CurrentHeat: 0  ProjectedHeat: 11  TempHeat: 0
2020-01-01 23:32:16.652 -   currentHeat: 0  tempHeat: 0  projectedHeat: 12  sinkableHeat: -60  =  futureHeat: 0
2020-01-01 23:32:16.652 - Actor: Centurion_Disco Volante_7B9F1E30 has rawSkill: 10 normalized to 10
2020-01-01 23:32:16.652 -   AdjustedSkill: 10 = actorSkill: 10 - malus: 0.
2020-01-01 23:32:16.652 -   CheckMod: 0.5 = adjustedSkill: 10 * multi: 0.05
2020-01-01 23:32:16.652 -  Updated values: t:'Heat' / d:'Heat: 0 / 150
' / w:''
2020-01-01 23:32:17.423 - Updating heat dialog for actor: Centurion_Disco Volante_7B9F1E30
2020-01-01 23:32:17.423 -   current values:  CurrentHeat: 0  ProjectedHeat: 12  TempHeat: 0
2020-01-01 23:32:17.424 -   currentHeat: 0  tempHeat: 0  projectedHeat: 0  sinkableHeat: -60  =  futureHeat: 0
2020-01-01 23:32:17.424 - Actor: Centurion_Disco Volante_7B9F1E30 has rawSkill: 10 normalized to 10
2020-01-01 23:32:17.424 -   AdjustedSkill: 10 = actorSkill: 10 - malus: 0.
2020-01-01 23:32:17.424 -   CheckMod: 0.5 = adjustedSkill: 10 * multi: 0.05
2020-01-01 23:32:17.424 -  Updated values: t:'Heat' / d:'Heat: 0 / 150
' / w:''
2020-01-01 23:32:18.547 - Updating heat dialog for actor: Centurion_Disco Volante_7B9F1E30
2020-01-01 23:32:18.547 -   current values:  CurrentHeat: 0  ProjectedHeat: 0  TempHeat: 0
2020-01-01 23:32:18.547 -   currentHeat: 0  tempHeat: 0  projectedHeat: 5  sinkableHeat: -60  =  futureHeat: 0
2020-01-01 23:32:18.547 - Actor: Centurion_Disco Volante_7B9F1E30 has rawSkill: 10 normalized to 10
2020-01-01 23:32:18.547 -   AdjustedSkill: 10 = actorSkill: 10 - malus: 0.
2020-01-01 23:32:18.547 -   CheckMod: 0.5 = adjustedSkill: 10 * multi: 0.05
2020-01-01 23:32:18.547 -  Updated values: t:'Heat' / d:'Heat: 0 / 150
' / w:''
2020-01-01 23:32:27.803 - Updating heat dialog for actor: Centurion_Disco Volante_7B9F1E30
2020-01-01 23:32:27.803 -   current values:  CurrentHeat: 0  ProjectedHeat: 5  TempHeat: 0
2020-01-01 23:32:27.804 -   currentHeat: 0  tempHeat: 5  projectedHeat: 0  sinkableHeat: -60  =  futureHeat: 0
2020-01-01 23:32:27.804 - Actor: Centurion_Disco Volante_7B9F1E30 has rawSkill: 10 normalized to 10
2020-01-01 23:32:27.804 -   AdjustedSkill: 10 = actorSkill: 10 - malus: 0.
2020-01-01 23:32:27.804 -   CheckMod: 0.5 = adjustedSkill: 10 * multi: 0.05
2020-01-01 23:32:27.804 -  Updated values: t:'Heat' / d:'Heat: 0 / 150
' / w:''
2020-01-01 23:32:27.805 - AMS:OC TD is not interleaved and no enemies - autobracing 
2020-01-01 23:32:27.805 - Actor: Centurion_Disco Volante has currentHeat: 0 tempHeat: 5  maxHeat: 150  heatsinkCapacity: 60
2020-01-01 23:32:27.818 - T:GNAU invoked with null AA? False
2020-01-01 23:32:27.890 - Updating heat dialog for actor: Avatar_Axle_EC1A10DE
2020-01-01 23:32:27.890 -   current values:  CurrentHeat: 0  ProjectedHeat: 0  TempHeat: 5
2020-01-01 23:32:27.891 -   currentHeat: 0  tempHeat: 0  projectedHeat: 5  sinkableHeat: -72  =  futureHeat: 0
2020-01-01 23:32:27.891 - Actor: Avatar_Axle_EC1A10DE has rawSkill: 8 normalized to 8
2020-01-01 23:32:27.891 -   AdjustedSkill: 8 = actorSkill: 8 - malus: 0.
2020-01-01 23:32:27.891 -   CheckMod: 0.4 = adjustedSkill: 8 * multi: 0.05
2020-01-01 23:32:27.891 -  Updated values: t:'Heat' / d:'Heat: 0 / 150
' / w:''
2020-01-01 23:32:28.137 - MHS - executing updated logic for state: Finished on actor:Centurion_Disco Volante.
2020-01-01 23:32:28.137 - AT END OF TURN - CHECKING EFFECTS
2020-01-01 23:32:28.137 - Actor: Centurion_Disco Volante_7B9F1E30 has rawSkill: 10 normalized to 10
2020-01-01 23:32:28.137 -   AdjustedSkill: 10 = actorSkill: 10 - malus: 0.
2020-01-01 23:32:28.137 -   CheckMod: 0.5 = adjustedSkill: 10 * multi: 0.05
2020-01-01 23:32:28.137 - Actor: Centurion_Disco Volante_7B9F1E30 has rawSkill: 10 normalized to 10
2020-01-01 23:32:28.138 -   AdjustedSkill: 10 = actorSkill: 10 - malus: 0.
2020-01-01 23:32:28.138 -   CheckMod: 0.5 = adjustedSkill: 10 * multi: 0.05
2020-01-01 23:32:28.138 -  Actor: Centurion_Disco Volante_7B9F1E30 has gutsMulti: 0.5  pilotingMulti: 0.5
2020-01-01 23:32:28.138 -   failedAmmoCheck: False
2020-01-01 23:32:28.138 -   failedInfernoAmmoCheck: False
2020-01-01 23:32:28.138 -   failedShutdownCheck: False
2020-01-01 23:32:28.138 -   failedSystemFailureCheck: False
2020-01-01 23:32:28.138 -   failedInjuryCheck: False
2020-01-01 23:32:28.202 - Actor: Centurion_Disco Volante has currentHeat: 0 tempHeat: 0  maxHeat: 150  heatsinkCapacity: 55
2020-01-01 23:32:30.724 - T:GNAU invoked with null AA? False
2020-01-01 23:32:31.810 - T:GNAU invoked with null AA? False
2020-01-01 23:32:33.138 - T:GNAU invoked with null AA? False
2020-01-01 23:32:34.380 - T:GNAU invoked with null AA? False
2020-01-01 23:32:34.788 - T:GNAU invoked with null AA? False
2020-01-01 23:32:47.022 - Updating heat dialog for actor: Cyclops_Scrub_BF79B444
2020-01-01 23:32:47.022 -   current values:  CurrentHeat: 0  ProjectedHeat: 5  TempHeat: 0
2020-01-01 23:32:47.022 -   currentHeat: 0  tempHeat: 5  projectedHeat: 0  sinkableHeat: -78  =  futureHeat: 0
2020-01-01 23:32:47.022 - Actor: Cyclops_Scrub_BF79B444 has rawSkill: 8 normalized to 8
2020-01-01 23:32:47.022 -   AdjustedSkill: 8 = actorSkill: 8 - malus: 0.
2020-01-01 23:32:47.022 -   CheckMod: 0.4 = adjustedSkill: 8 * multi: 0.05
2020-01-01 23:32:47.022 -  Updated values: t:'Heat' / d:'Heat: 0 / 150
' / w:''
2020-01-01 23:32:47.023 - AMS:OC TD is not interleaved and no enemies - autobracing 
2020-01-01 23:32:47.023 - Actor: Cyclops_Scrub has currentHeat: 0 tempHeat: 5  maxHeat: 150  heatsinkCapacity: 78
2020-01-01 23:32:47.033 - T:GNAU invoked with null AA? False
2020-01-01 23:32:47.093 - Updating heat dialog for actor: Avatar_Axle_EC1A10DE
2020-01-01 23:32:47.093 -   current values:  CurrentHeat: 0  ProjectedHeat: 0  TempHeat: 5
2020-01-01 23:32:47.093 -   currentHeat: 0  tempHeat: 0  projectedHeat: 5  sinkableHeat: -72  =  futureHeat: 0
2020-01-01 23:32:47.093 - Actor: Avatar_Axle_EC1A10DE has rawSkill: 8 normalized to 8
2020-01-01 23:32:47.093 -   AdjustedSkill: 8 = actorSkill: 8 - malus: 0.
2020-01-01 23:32:47.094 -   CheckMod: 0.4 = adjustedSkill: 8 * multi: 0.05
2020-01-01 23:32:47.102 -  Updated values: t:'Heat' / d:'Heat: 0 / 150
' / w:''
2020-01-01 23:32:47.339 - MHS - executing updated logic for state: Finished on actor:Cyclops_Scrub.
2020-01-01 23:32:47.339 - AT END OF TURN - CHECKING EFFECTS
2020-01-01 23:32:47.339 - Actor: Cyclops_Scrub_BF79B444 has rawSkill: 8 normalized to 8
2020-01-01 23:32:47.339 -   AdjustedSkill: 8 = actorSkill: 8 - malus: 0.
2020-01-01 23:32:47.339 -   CheckMod: 0.4 = adjustedSkill: 8 * multi: 0.05
2020-01-01 23:32:47.339 - Actor: Cyclops_Scrub_BF79B444 has rawSkill: 8 normalized to 8
2020-01-01 23:32:47.339 -   AdjustedSkill: 8 = actorSkill: 8 - malus: 0.
2020-01-01 23:32:47.339 -   CheckMod: 0.4 = adjustedSkill: 8 * multi: 0.05
2020-01-01 23:32:47.339 -  Actor: Cyclops_Scrub_BF79B444 has gutsMulti: 0.4  pilotingMulti: 0.4
2020-01-01 23:32:47.339 -   failedAmmoCheck: False
2020-01-01 23:32:47.339 -   failedInfernoAmmoCheck: False
2020-01-01 23:32:47.339 -   failedShutdownCheck: False
2020-01-01 23:32:47.339 -   failedSystemFailureCheck: False
2020-01-01 23:32:47.339 -   failedInjuryCheck: False
2020-01-01 23:32:47.392 - Actor: Cyclops_Scrub has currentHeat: 0 tempHeat: 0  maxHeat: 150  heatsinkCapacity: 73
