INFO: 2022-08-23T18:56:56 - customResource:AffinitiesDef
INFO: 2022-08-23T18:56:56 - Path:C:\SteamLibrary\steamapps\common\BATTLETECH\Mods\MechAffinity\AffinityDefs\AffinityDef_chassis_Agile.json
INFO: 2022-08-23T18:56:56 - Path:C:\SteamLibrary\steamapps\common\BATTLETECH\Mods\MechAffinity\AffinityDefs\AffinityDef_chassis_Armor_Block.json
INFO: 2022-08-23T18:56:56 - Path:C:\SteamLibrary\steamapps\common\BATTLETECH\Mods\MechAffinity\AffinityDefs\AffinityDef_chassis_Brawler.json
INFO: 2022-08-23T18:56:56 - Path:C:\SteamLibrary\steamapps\common\BATTLETECH\Mods\MechAffinity\AffinityDefs\AffinityDef_chassis_Command_Unit.json
INFO: 2022-08-23T18:56:56 - Path:C:\SteamLibrary\steamapps\common\BATTLETECH\Mods\MechAffinity\AffinityDefs\AffinityDef_chassis_Cool-Running.json
INFO: 2022-08-23T18:56:56 - Path:C:\SteamLibrary\steamapps\common\BATTLETECH\Mods\MechAffinity\AffinityDefs\AffinityDef_chassis_Encouraging.json
INFO: 2022-08-23T18:56:56 - Path:C:\SteamLibrary\steamapps\common\BATTLETECH\Mods\MechAffinity\AffinityDefs\AffinityDef_chassis_Evasive.json
INFO: 2022-08-23T18:56:56 - Path:C:\SteamLibrary\steamapps\common\BATTLETECH\Mods\MechAffinity\AffinityDefs\AffinityDef_chassis_Goomba_Stomper.json
INFO: 2022-08-23T18:56:56 - Path:C:\SteamLibrary\steamapps\common\BATTLETECH\Mods\MechAffinity\AffinityDefs\AffinityDef_chassis_Ice_Cold.json
INFO: 2022-08-23T18:56:56 - Path:C:\SteamLibrary\steamapps\common\BATTLETECH\Mods\MechAffinity\AffinityDefs\AffinityDef_chassis_Keen-Eyed.json
INFO: 2022-08-23T18:56:56 - Path:C:\SteamLibrary\steamapps\common\BATTLETECH\Mods\MechAffinity\AffinityDefs\AffinityDef_chassis_Long-Range_Specialist.json
INFO: 2022-08-23T18:56:56 - Path:C:\SteamLibrary\steamapps\common\BATTLETECH\Mods\MechAffinity\AffinityDefs\AffinityDef_chassis_Nimble.json
INFO: 2022-08-23T18:56:56 - Path:C:\SteamLibrary\steamapps\common\BATTLETECH\Mods\MechAffinity\AffinityDefs\AffinityDef_chassis_Precise_Shot.json
INFO: 2022-08-23T18:56:56 - Path:C:\SteamLibrary\steamapps\common\BATTLETECH\Mods\MechAffinity\AffinityDefs\AffinityDef_chassis_Resistant.json
INFO: 2022-08-23T18:56:56 - Path:C:\SteamLibrary\steamapps\common\BATTLETECH\Mods\MechAffinity\AffinityDefs\AffinityDef_chassis_Sharpshooter.json
INFO: 2022-08-23T18:56:56 - Path:C:\SteamLibrary\steamapps\common\BATTLETECH\Mods\MechAffinity\AffinityDefs\AffinityDef_chassis_Squirrelly_Bastard.json
INFO: 2022-08-23T18:56:56 - Path:C:\SteamLibrary\steamapps\common\BATTLETECH\Mods\MechAffinity\AffinityDefs\AffinityDef_chassis_Stabilized.json
INFO: 2022-08-23T18:56:56 - Path:C:\SteamLibrary\steamapps\common\BATTLETECH\Mods\MechAffinity\AffinityDefs\AffinityDef_chassis_Sturdy.json
INFO: 2022-08-23T18:56:56 - Path:C:\SteamLibrary\steamapps\common\BATTLETECH\Mods\MechAffinity\AffinityDefs\AffinityDef_chassis_Unlimited_Power.json
INFO: 2022-08-23T18:56:56 - Path:C:\SteamLibrary\steamapps\common\BATTLETECH\Mods\MechAffinity\AffinityDefs\AffinityDef_chassis_Zippy.json
INFO: 2022-08-23T18:56:56 - Path:C:\SteamLibrary\steamapps\common\BATTLETECH\Mods\MechAffinity\AffinityDefs\AffinityDef_global_Attuned_10.json
INFO: 2022-08-23T18:56:56 - Path:C:\SteamLibrary\steamapps\common\BATTLETECH\Mods\MechAffinity\AffinityDefs\AffinityDef_global_Comfortable_5.json
INFO: 2022-08-23T18:56:56 - Path:C:\SteamLibrary\steamapps\common\BATTLETECH\Mods\MechAffinity\AffinityDefs\AffinityDef_tagged_Battle_Brother.json
INFO: 2022-08-23T18:56:56 - Path:C:\SteamLibrary\steamapps\common\BATTLETECH\Mods\MechAffinity\AffinityDefs\AffinityDef_tagged_Beats_By_Crab.json
INFO: 2022-08-23T18:56:56 - Path:C:\SteamLibrary\steamapps\common\BATTLETECH\Mods\MechAffinity\AffinityDefs\AffinityDef_tagged_Bring_Your_Pretty_Face_To_My_Axe.json
INFO: 2022-08-23T18:56:56 - Path:C:\SteamLibrary\steamapps\common\BATTLETECH\Mods\MechAffinity\AffinityDefs\AffinityDef_tagged_Can't_Break_Me.json
INFO: 2022-08-23T18:56:56 - Path:C:\SteamLibrary\steamapps\common\BATTLETECH\Mods\MechAffinity\AffinityDefs\AffinityDef_tagged_Choppy_Choppy.json
INFO: 2022-08-23T18:56:56 - Path:C:\SteamLibrary\steamapps\common\BATTLETECH\Mods\MechAffinity\AffinityDefs\AffinityDef_tagged_Foundation's_Edge.json
INFO: 2022-08-23T18:56:56 - Path:C:\SteamLibrary\steamapps\common\BATTLETECH\Mods\MechAffinity\AffinityDefs\AffinityDef_tagged_Little_Purple_Tank.json
INFO: 2022-08-23T18:56:56 - Path:C:\SteamLibrary\steamapps\common\BATTLETECH\Mods\MechAffinity\AffinityDefs\AffinityDef_tagged_Make_It_Rain.json
INFO: 2022-08-23T18:56:56 - Path:C:\SteamLibrary\steamapps\common\BATTLETECH\Mods\MechAffinity\AffinityDefs\AffinityDef_tagged_Minimizer.json
INFO: 2022-08-23T18:56:56 - Path:C:\SteamLibrary\steamapps\common\BATTLETECH\Mods\MechAffinity\AffinityDefs\AffinityDef_tagged_On_the_Wings_of_Angels.json
INFO: 2022-08-23T18:56:56 - Path:C:\SteamLibrary\steamapps\common\BATTLETECH\Mods\MechAffinity\AffinityDefs\AffinityDef_tagged_Radar_Jammer.json
INFO: 2022-08-23T18:56:56 - Path:C:\SteamLibrary\steamapps\common\BATTLETECH\Mods\MechAffinity\AffinityDefs\AffinityDef_tagged_Shield_of_Faith.json
INFO: 2022-08-23T18:56:56 - Path:C:\SteamLibrary\steamapps\common\BATTLETECH\Mods\MechAffinity\AffinityDefs\AffinityDef_tagged_Speed_King.json
INFO: 2022-08-23T18:56:56 - Path:C:\SteamLibrary\steamapps\common\BATTLETECH\Mods\MechAffinity\AffinityDefs\AffinityDef_tagged_Too_Angry_to_Die.json
INFO: 2022-08-23T18:56:56 - Path:C:\SteamLibrary\steamapps\common\BATTLETECH\Mods\MechAffinity\AffinityDefs\AffinityDef_tagged_Warfighter.json
INFO: 2022-08-23T18:56:56 - Path:C:\SteamLibrary\steamapps\common\BATTLETECH\Mods\MechAffinity\AffinityDefs\AffinityDef_tagged_Wizard_of_Camelot.json
INFO: 2022-08-23T18:56:56 - customResource:QuirkDef
INFO: 2022-08-23T18:56:56 - Path:C:\SteamLibrary\steamapps\common\BATTLETECH\Mods\MechAffinity\QuirkDefs\pilotQuirkDef_Tutorial_PlotArmor.json
INFO: 2022-08-23T18:56:56 -  id:AffinityDef_chassis_Agile
INFO: 2022-08-23T18:56:56 -   level:AffinityDef_chassis_Agile_0
INFO: 2022-08-23T18:56:56 -  id:AffinityDef_chassis_Armor_Block
INFO: 2022-08-23T18:56:56 -   level:AffinityDef_chassis_Armor_Block_0
INFO: 2022-08-23T18:56:56 -  id:AffinityDef_chassis_Brawler
INFO: 2022-08-23T18:56:56 -   level:AffinityDef_chassis_Brawler_0
INFO: 2022-08-23T18:56:56 -  id:AffinityDef_chassis_Command_Unit
INFO: 2022-08-23T18:56:56 -   level:AffinityDef_chassis_Command_Unit_0
INFO: 2022-08-23T18:56:56 -  id:AffinityDef_chassis_Cool-Running
INFO: 2022-08-23T18:56:56 -   level:AffinityDef_chassis_Cool-Running_0
INFO: 2022-08-23T18:56:56 -  id:AffinityDef_chassis_Encouraging
INFO: 2022-08-23T18:56:56 -   level:AffinityDef_chassis_Encouraging_0
INFO: 2022-08-23T18:56:56 -  id:AffinityDef_chassis_Evasive
INFO: 2022-08-23T18:56:56 -   level:AffinityDef_chassis_Evasive_0
INFO: 2022-08-23T18:56:56 -  id:AffinityDef_chassis_Goomba_Stomper
INFO: 2022-08-23T18:56:56 -   level:AffinityDef_chassis_Goomba_Stomper_0
INFO: 2022-08-23T18:56:56 -  id:AffinityDef_chassis_Ice_Cold
INFO: 2022-08-23T18:56:56 -   level:AffinityDef_chassis_Ice_Cold_0
INFO: 2022-08-23T18:56:56 -  id:AffinityDef_chassis_Keen-Eyed
INFO: 2022-08-23T18:56:56 -   level:AffinityDef_chassis_Keen-Eyed_0
INFO: 2022-08-23T18:56:56 -  id:AffinityDef_chassis_Long-Range_Specialist
INFO: 2022-08-23T18:56:56 -   level:AffinityDef_chassis_Long-Range_Specialist_0
INFO: 2022-08-23T18:56:56 -  id:AffinityDef_chassis_Nimble
INFO: 2022-08-23T18:56:56 -   level:AffinityDef_chassis_Nimble_0
INFO: 2022-08-23T18:56:56 -  id:AffinityDef_chassis_Precise_Shot
INFO: 2022-08-23T18:56:56 -   level:AffinityDef_chassis_Precise_Shot_0
INFO: 2022-08-23T18:56:56 -  id:AffinityDef_chassis_Resistant
INFO: 2022-08-23T18:56:56 -   level:AffinityDef_chassis_Resistant_0
INFO: 2022-08-23T18:56:56 -  id:AffinityDef_chassis_Sharpshooter
INFO: 2022-08-23T18:56:56 -   level:AffinityDef_chassis_Sharpshooter_0
INFO: 2022-08-23T18:56:56 -  id:AffinityDef_chassis_Squirrelly_Bastard
INFO: 2022-08-23T18:56:56 -   level:AffinityDef_chassis_Squirrelly_Bastard_0
INFO: 2022-08-23T18:56:56 -  id:AffinityDef_chassis_Stabilized
INFO: 2022-08-23T18:56:56 -   level:AffinityDef_chassis_Stabilized_0
INFO: 2022-08-23T18:56:56 -  id:AffinityDef_chassis_Sturdy
INFO: 2022-08-23T18:56:56 -   level:AffinityDef_chassis_Sturdy_0
INFO: 2022-08-23T18:56:56 -  id:AffinityDef_chassis_Unlimited_Power
INFO: 2022-08-23T18:56:56 -   level:AffinityDef_chassis_Unlimited_Power_0
INFO: 2022-08-23T18:56:56 -  id:AffinityDef_chassis_Zippy
INFO: 2022-08-23T18:56:56 -   level:AffinityDef_chassis_Zippy_0
INFO: 2022-08-23T18:56:56 -  id:AffinityDef_tagged_Battle_Brother
INFO: 2022-08-23T18:56:56 -   level:AffinityDef_tagged_Battle_Brother_0
INFO: 2022-08-23T18:56:56 -  id:AffinityDef_tagged_Beats_By_Crab
INFO: 2022-08-23T18:56:56 -   level:AffinityDef_tagged_Beats_By_Crab_0
INFO: 2022-08-23T18:56:56 -  id:AffinityDef_tagged_Bring_Your_Pretty_Face_To_My_Axe
INFO: 2022-08-23T18:56:56 -   level:AffinityDef_tagged_Bring_Your_Pretty_Face_To_My_Axe_0
INFO: 2022-08-23T18:56:56 -  id:AffinityDef_tagged_Can't_Break_Me
INFO: 2022-08-23T18:56:56 -   level:AffinityDef_tagged_Can't_Break_Me_0
INFO: 2022-08-23T18:56:56 -  id:AffinityDef_tagged_Choppy_Choppy
INFO: 2022-08-23T18:56:56 -   level:AffinityDef_tagged_Choppy_Choppy_0
INFO: 2022-08-23T18:56:56 -  id:AffinityDef_tagged_Foundation's_Edge
INFO: 2022-08-23T18:56:56 -   level:AffinityDef_tagged_Foundation's_Edge_0
INFO: 2022-08-23T18:56:56 -  id:AffinityDef_tagged_Little_Purple_Tank
INFO: 2022-08-23T18:56:56 -   level:AffinityDef_tagged_Little_Purple_Tank_0
INFO: 2022-08-23T18:56:56 -  id:AffinityDef_tagged_Make_It_Rain
INFO: 2022-08-23T18:56:56 -   level:AffinityDef_tagged_Make_It_Rain_0
INFO: 2022-08-23T18:56:56 -  id:AffinityDef_tagged_Minimizer
INFO: 2022-08-23T18:56:56 -   level:AffinityDef_tagged_Minimizer_0
INFO: 2022-08-23T18:56:56 -  id:AffinityDef_tagged_On_the_Wings_of_Angels
INFO: 2022-08-23T18:56:56 -   level:AffinityDef_tagged_On_the_Wings_of_Angels_0
INFO: 2022-08-23T18:56:56 -  id:AffinityDef_tagged_Radar_Jammer
INFO: 2022-08-23T18:56:56 -   level:AffinityDef_tagged_Radar_Jammer_0
INFO: 2022-08-23T18:56:56 -  id:AffinityDef_tagged_Shield_of_Faith
INFO: 2022-08-23T18:56:56 -   level:AffinityDef_tagged_Shield_of_Faith_0
INFO: 2022-08-23T18:56:56 -  id:AffinityDef_tagged_Speed_King
INFO: 2022-08-23T18:56:56 -   level:AffinityDef_tagged_Speed_King_0
INFO: 2022-08-23T18:56:56 -  id:AffinityDef_tagged_Too_Angry_to_Die
INFO: 2022-08-23T18:56:56 -   level:AffinityDef_tagged_Too_Angry_to_Die_0
INFO: 2022-08-23T18:56:56 -  id:AffinityDef_tagged_Warfighter
INFO: 2022-08-23T18:56:56 -   level:AffinityDef_tagged_Warfighter_0
INFO: 2022-08-23T18:56:56 -  id:AffinityDef_tagged_Wizard_of_Camelot
INFO: 2022-08-23T18:56:56 -   level:AffinityDef_tagged_Wizard_of_Camelot_0
INFO: 2022-08-23T18:56:56 - chassisAffinities:331
INFO: 2022-08-23T18:56:56 - taggedAffinities:34
INFO: 2022-08-23T18:56:56 - quirkAffinities:0
INFO: 2022-08-23T18:56:56 - globalAffinities:2
