19:13:51.371 === MOD CONFIG BEGIN ===
19:13:51.371   DEBUG: False
19:13:51.372   MRB Rollup Values: 40000.00, 60000.00, 90000.00, 130000.00, 180000.00, 240000.00
19:13:51.372   Rollup Blacklists: 
19:13:51.372   Rollup Blacklist Tags: 
19:13:51.372 FACTION REPUTATION VALUES
19:13:51.372   Reputation:LOATHED ComponentRollup:0 MechRollup:0 HoldbackTrigger:72%
19:13:51.372   Reputation:HATED ComponentRollup:0 MechRollup:0 HoldbackTrigger:48%
19:13:51.372   Reputation:DISLIKED ComponentRollup:0 MechRollup:0 HoldbackTrigger:32%
19:13:51.372   Reputation:INDIFFERENT ComponentRollup:1 MechRollup:0 HoldbackTrigger:16%
19:13:51.372   Reputation:LIKED ComponentRollup:5 MechRollup:0 HoldbackTrigger:8%
19:13:51.372   Reputation:FRIENDLY ComponentRollup:9 MechRollup:20 HoldbackTrigger:4%
19:13:51.373   Reputation:HONORED ComponentRollup:13 MechRollup:30 HoldbackTrigger:2%
19:13:51.373   Reputation:ALLIED ComponentRollup:21 MechRollup:180 HoldbackTrigger:1%
19:13:51.373 HOLDBACK - enabled? False
19:13:51.373   Holdback Picks: 2 to 6
19:13:51.373   Rep Range: 2 to 6
19:13:51.373   Dispute Picks: 1 to 6
19:13:51.373   Dispute SuccessBase:50 MRBSuccessFactor:10 SuccessRandomBound:0.2 MRBFeeFactor:-0.1
19:13:51.373 === MOD CONFIG END ===
19:13:51.373 INFO: No errors reading settings file.
19:13:51.373 INFO: Registering custom components!
19:24:35.601 At contract start, Player has MRB:3  Employer:(Locals) EmployerRep:INDIFFERENT / EmployerAllied:False
19:25:00.376 Holdback roll:98% triggerChance:16% hasMechParts:False canHoldback:False
